[0.322s] Invoking command in '/home/garabetov/turtlebot3/src/nav2_custom_controller/build/nav2_custom_controller': CMAKE_PREFIX_PATH=${CMAKE_PREFIX_PATH}:/home/garabetov/turtlebot3/install/turtlebot3_teleop:/home/garabetov/turtlebot3/install/turtlebot3_example:/opt/ros/humble /usr/bin/cmake --build /home/garabetov/turtlebot3/src/nav2_custom_controller/build/nav2_custom_controller -- -j4 -l4
[0.323s] [35m[1mConsolidate compiler generated dependencies of target nav2_custom_controller[0m
[0.354s] [ 50%] [32mBuilding CXX object CMakeFiles/nav2_custom_controller.dir/src/custom_controller.cpp.o[0m
[12.635s] [100%] [32m[1mLinking CXX shared library libnav2_custom_controller.so[0m
[12.940s] [100%] Built target nav2_custom_controller
[12.954s] Invoked command in '/home/garabetov/turtlebot3/src/nav2_custom_controller/build/nav2_custom_controller' returned '0': CMAKE_PREFIX_PATH=${CMAKE_PREFIX_PATH}:/home/garabetov/turtlebot3/install/turtlebot3_teleop:/home/garabetov/turtlebot3/install/turtlebot3_example:/opt/ros/humble /usr/bin/cmake --build /home/garabetov/turtlebot3/src/nav2_custom_controller/build/nav2_custom_controller -- -j4 -l4
[12.998s] Invoking command in '/home/garabetov/turtlebot3/src/nav2_custom_controller/build/nav2_custom_controller': CMAKE_PREFIX_PATH=${CMAKE_PREFIX_PATH}:/home/garabetov/turtlebot3/install/turtlebot3_teleop:/home/garabetov/turtlebot3/install/turtlebot3_example:/opt/ros/humble /usr/bin/cmake --install /home/garabetov/turtlebot3/src/nav2_custom_controller/build/nav2_custom_controller
[13.007s] -- Install configuration: "Release"
[13.007s] -- Installing: /home/garabetov/turtlebot3/src/nav2_custom_controller/install/nav2_custom_controller/lib/libnav2_custom_controller.so
[13.009s] -- Set runtime path of "/home/garabetov/turtlebot3/src/nav2_custom_controller/install/nav2_custom_controller/lib/libnav2_custom_controller.so" to ""
[13.009s] -- Up-to-date: /home/garabetov/turtlebot3/src/nav2_custom_controller/install/nav2_custom_controller/include/
[13.009s] -- Up-to-date: /home/garabetov/turtlebot3/src/nav2_custom_controller/install/nav2_custom_controller/include//.vscode
[13.009s] -- Up-to-date: /home/garabetov/turtlebot3/src/nav2_custom_controller/install/nav2_custom_controller/include//.vscode/c_cpp_properties.json
[13.009s] -- Up-to-date: /home/garabetov/turtlebot3/src/nav2_custom_controller/install/nav2_custom_controller/include//nav2_custom_controller
[13.009s] -- Up-to-date: /home/garabetov/turtlebot3/src/nav2_custom_controller/install/nav2_custom_controller/include//nav2_custom_controller/custom_controller.hpp
[13.010s] -- Up-to-date: /home/garabetov/turtlebot3/src/nav2_custom_controller/install/nav2_custom_controller/share/nav2_custom_controller/environment/library_path.sh
[13.010s] -- Up-to-date: /home/garabetov/turtlebot3/src/nav2_custom_controller/install/nav2_custom_controller/share/nav2_custom_controller/environment/library_path.dsv
[13.010s] -- Up-to-date: /home/garabetov/turtlebot3/src/nav2_custom_controller/install/nav2_custom_controller/share/nav2_custom_controller/custom_controller_plugin.xml
[13.010s] -- Up-to-date: /home/garabetov/turtlebot3/src/nav2_custom_controller/install/nav2_custom_controller/share/ament_index/resource_index/package_run_dependencies/nav2_custom_controller
[13.010s] -- Up-to-date: /home/garabetov/turtlebot3/src/nav2_custom_controller/install/nav2_custom_controller/share/ament_index/resource_index/parent_prefix_path/nav2_custom_controller
[13.010s] -- Up-to-date: /home/garabetov/turtlebot3/src/nav2_custom_controller/install/nav2_custom_controller/share/nav2_custom_controller/environment/ament_prefix_path.sh
[13.010s] -- Up-to-date: /home/garabetov/turtlebot3/src/nav2_custom_controller/install/nav2_custom_controller/share/nav2_custom_controller/environment/ament_prefix_path.dsv
[13.010s] -- Up-to-date: /home/garabetov/turtlebot3/src/nav2_custom_controller/install/nav2_custom_controller/share/nav2_custom_controller/environment/path.sh
[13.011s] -- Up-to-date: /home/garabetov/turtlebot3/src/nav2_custom_controller/install/nav2_custom_controller/share/nav2_custom_controller/environment/path.dsv
[13.011s] -- Up-to-date: /home/garabetov/turtlebot3/src/nav2_custom_controller/install/nav2_custom_controller/share/nav2_custom_controller/local_setup.bash
[13.011s] -- Up-to-date: /home/garabetov/turtlebot3/src/nav2_custom_controller/install/nav2_custom_controller/share/nav2_custom_controller/local_setup.sh
[13.011s] -- Up-to-date: /home/garabetov/turtlebot3/src/nav2_custom_controller/install/nav2_custom_controller/share/nav2_custom_controller/local_setup.zsh
[13.011s] -- Up-to-date: /home/garabetov/turtlebot3/src/nav2_custom_controller/install/nav2_custom_controller/share/nav2_custom_controller/local_setup.dsv
[13.011s] -- Installing: /home/garabetov/turtlebot3/src/nav2_custom_controller/install/nav2_custom_controller/share/nav2_custom_controller/package.dsv
[13.011s] -- Up-to-date: /home/garabetov/turtlebot3/src/nav2_custom_controller/install/nav2_custom_controller/share/ament_index/resource_index/packages/nav2_custom_controller
[13.011s] -- Up-to-date: /home/garabetov/turtlebot3/src/nav2_custom_controller/install/nav2_custom_controller/share/ament_index/resource_index/nav2_core__pluginlib__plugin/nav2_custom_controller
[13.011s] -- Up-to-date: /home/garabetov/turtlebot3/src/nav2_custom_controller/install/nav2_custom_controller/share/nav2_custom_controller/cmake/ament_cmake_export_include_directories-extras.cmake
[13.011s] -- Up-to-date: /home/garabetov/turtlebot3/src/nav2_custom_controller/install/nav2_custom_controller/share/nav2_custom_controller/cmake/ament_cmake_export_libraries-extras.cmake
[13.011s] -- Up-to-date: /home/garabetov/turtlebot3/src/nav2_custom_controller/install/nav2_custom_controller/share/nav2_custom_controller/cmake/ament_cmake_export_dependencies-extras.cmake
[13.011s] -- Up-to-date: /home/garabetov/turtlebot3/src/nav2_custom_controller/install/nav2_custom_controller/share/nav2_custom_controller/cmake/nav2_custom_controllerConfig.cmake
[13.012s] -- Up-to-date: /home/garabetov/turtlebot3/src/nav2_custom_controller/install/nav2_custom_controller/share/nav2_custom_controller/cmake/nav2_custom_controllerConfig-version.cmake
[13.012s] -- Up-to-date: /home/garabetov/turtlebot3/src/nav2_custom_controller/install/nav2_custom_controller/share/nav2_custom_controller/package.xml
[13.013s] Invoked command in '/home/garabetov/turtlebot3/src/nav2_custom_controller/build/nav2_custom_controller' returned '0': CMAKE_PREFIX_PATH=${CMAKE_PREFIX_PATH}:/home/garabetov/turtlebot3/install/turtlebot3_teleop:/home/garabetov/turtlebot3/install/turtlebot3_example:/opt/ros/humble /usr/bin/cmake --install /home/garabetov/turtlebot3/src/nav2_custom_controller/build/nav2_custom_controller
