[1.317s] DEBUG:colcon:Command line arguments: ['/usr/bin/colcon', 'build']
[1.317s] DEBUG:colcon:Parsed command line arguments: Namespace(log_base=None, log_level=None, verb_name='build', build_base='build', install_base='install', merge_install=False, symlink_install=False, test_result_base=None, continue_on_error=False, executor='parallel', parallel_workers=4, event_handlers=None, ignore_user_meta=False, metas=['./colcon.meta'], base_paths=['.'], packages_ignore=None, packages_ignore_regex=None, paths=None, packages_up_to=None, packages_up_to_regex=None, packages_above=None, packages_above_and_dependencies=None, packages_above_depth=None, packages_select_by_dep=None, packages_skip_by_dep=None, packages_skip_up_to=None, packages_select_build_failed=False, packages_skip_build_finished=False, packages_select_test_failures=False, packages_skip_test_passed=False, packages_select=None, packages_skip=None, packages_select_regex=None, packages_skip_regex=None, packages_start=None, packages_end=None, allow_overriding=[], cmake_args=None, cmake_target=None, cmake_target_skip_unavailable=False, cmake_clean_cache=False, cmake_clean_first=False, cmake_force_configure=False, ament_cmake_args=None, catkin_cmake_args=None, catkin_skip_building_tests=False, verb_parser=<colcon_defaults.argument_parser.defaults.DefaultArgumentsDecorator object at 0x7f8c05255d20>, verb_extension=<colcon_core.verb.build.BuildVerb object at 0x7f8c052139a0>, main=<bound method BuildVerb.main of <colcon_core.verb.build.BuildVerb object at 0x7f8c052139a0>>)
[1.377s] Level 1:colcon.colcon_core.package_discovery:discover_packages(colcon_meta) check parameters
[1.377s] Level 1:colcon.colcon_core.package_discovery:discover_packages(recursive) check parameters
[1.377s] Level 1:colcon.colcon_core.package_discovery:discover_packages(ignore) check parameters
[1.377s] Level 1:colcon.colcon_core.package_discovery:discover_packages(path) check parameters
[1.377s] Level 1:colcon.colcon_core.package_discovery:discover_packages(colcon_meta) discover
[1.377s] Level 1:colcon.colcon_core.package_discovery:discover_packages(recursive) discover
[1.377s] INFO:colcon.colcon_core.package_discovery:Crawling recursively for packages in '/home/garabetov/turtlebot3/src/nav2_custom_controller'
[1.377s] Level 1:colcon.colcon_core.package_identification:_identify(.) by extensions ['ignore', 'ignore_ament_install']
[1.377s] Level 1:colcon.colcon_core.package_identification:_identify(.) by extension 'ignore'
[1.377s] Level 1:colcon.colcon_core.package_identification:_identify(.) by extension 'ignore_ament_install'
[1.378s] Level 1:colcon.colcon_core.package_identification:_identify(.) by extensions ['colcon_pkg']
[1.378s] Level 1:colcon.colcon_core.package_identification:_identify(.) by extension 'colcon_pkg'
[1.378s] Level 1:colcon.colcon_core.package_identification:_identify(.) by extensions ['colcon_meta']
[1.378s] Level 1:colcon.colcon_core.package_identification:_identify(.) by extension 'colcon_meta'
[1.378s] Level 1:colcon.colcon_core.package_identification:_identify(.) by extensions ['ros']
[1.378s] Level 1:colcon.colcon_core.package_identification:_identify(.) by extension 'ros'
[1.395s] DEBUG:colcon.colcon_core.package_identification:Package '.' with type 'ros.ament_cmake' and name 'nav2_custom_controller'
[1.395s] Level 1:colcon.colcon_core.package_discovery:discover_packages(recursive) using defaults
[1.395s] Level 1:colcon.colcon_core.package_discovery:discover_packages(ignore) discover
[1.395s] Level 1:colcon.colcon_core.package_discovery:discover_packages(ignore) using defaults
[1.395s] Level 1:colcon.colcon_core.package_discovery:discover_packages(path) discover
[1.395s] Level 1:colcon.colcon_core.package_discovery:discover_packages(path) using defaults
[1.534s] Level 1:colcon.colcon_core.package_discovery:discover_packages(prefix_path) check parameters
[1.534s] Level 1:colcon.colcon_core.package_discovery:discover_packages(prefix_path) discover
[1.576s] DEBUG:colcon.colcon_installed_package_information.package_discovery:Found 19 installed packages in /home/garabetov/turtlebot3/install
[1.597s] DEBUG:colcon.colcon_installed_package_information.package_discovery:Found 388 installed packages in /opt/ros/humble
[1.612s] Level 1:colcon.colcon_core.package_discovery:discover_packages(prefix_path) using defaults
[1.757s] Level 5:colcon.colcon_core.verb:set package 'nav2_custom_controller' build argument 'cmake_args' from command line to 'None'
[1.757s] Level 5:colcon.colcon_core.verb:set package 'nav2_custom_controller' build argument 'cmake_target' from command line to 'None'
[1.757s] Level 5:colcon.colcon_core.verb:set package 'nav2_custom_controller' build argument 'cmake_target_skip_unavailable' from command line to 'False'
[1.757s] Level 5:colcon.colcon_core.verb:set package 'nav2_custom_controller' build argument 'cmake_clean_cache' from command line to 'False'
[1.757s] Level 5:colcon.colcon_core.verb:set package 'nav2_custom_controller' build argument 'cmake_clean_first' from command line to 'False'
[1.757s] Level 5:colcon.colcon_core.verb:set package 'nav2_custom_controller' build argument 'cmake_force_configure' from command line to 'False'
[1.757s] Level 5:colcon.colcon_core.verb:set package 'nav2_custom_controller' build argument 'ament_cmake_args' from command line to 'None'
[1.757s] Level 5:colcon.colcon_core.verb:set package 'nav2_custom_controller' build argument 'catkin_cmake_args' from command line to 'None'
[1.757s] Level 5:colcon.colcon_core.verb:set package 'nav2_custom_controller' build argument 'catkin_skip_building_tests' from command line to 'False'
[1.757s] DEBUG:colcon.colcon_core.verb:Building package 'nav2_custom_controller' with the following arguments: {'ament_cmake_args': None, 'build_base': '/home/garabetov/turtlebot3/src/nav2_custom_controller/build/nav2_custom_controller', 'catkin_cmake_args': None, 'catkin_skip_building_tests': False, 'cmake_args': None, 'cmake_clean_cache': False, 'cmake_clean_first': False, 'cmake_force_configure': False, 'cmake_target': None, 'cmake_target_skip_unavailable': False, 'install_base': '/home/garabetov/turtlebot3/src/nav2_custom_controller/install/nav2_custom_controller', 'merge_install': False, 'path': '/home/garabetov/turtlebot3/src/nav2_custom_controller', 'symlink_install': False, 'test_result_base': None}
[1.778s] INFO:colcon.colcon_core.executor:Executing jobs using 'parallel' executor
[1.798s] DEBUG:colcon.colcon_parallel_executor.executor.parallel:run_until_complete
[1.799s] INFO:colcon.colcon_ros.task.ament_cmake.build:Building ROS package in '/home/garabetov/turtlebot3/src/nav2_custom_controller' with build type 'ament_cmake'
[1.799s] INFO:colcon.colcon_cmake.task.cmake.build:Building CMake package in '/home/garabetov/turtlebot3/src/nav2_custom_controller'
[1.821s] INFO:colcon.colcon_core.plugin_system:Skipping extension 'colcon_core.shell.bat': Not used on non-Windows systems
[1.822s] INFO:colcon.colcon_core.shell:Skip shell extension 'powershell' for command environment: Not usable outside of PowerShell
[1.822s] DEBUG:colcon.colcon_core.shell:Skip shell extension 'dsv' for command environment
[2.122s] DEBUG:colcon.colcon_core.event_handler.log_command:Invoking command in '/home/garabetov/turtlebot3/src/nav2_custom_controller/build/nav2_custom_controller': CMAKE_PREFIX_PATH=${CMAKE_PREFIX_PATH}:/home/garabetov/turtlebot3/install/turtlebot3_teleop:/home/garabetov/turtlebot3/install/turtlebot3_example:/opt/ros/humble /usr/bin/cmake --build /home/garabetov/turtlebot3/src/nav2_custom_controller/build/nav2_custom_controller -- -j4 -l4
[14.754s] DEBUG:colcon.colcon_core.event_handler.log_command:Invoked command in '/home/garabetov/turtlebot3/src/nav2_custom_controller/build/nav2_custom_controller' returned '0': CMAKE_PREFIX_PATH=${CMAKE_PREFIX_PATH}:/home/garabetov/turtlebot3/install/turtlebot3_teleop:/home/garabetov/turtlebot3/install/turtlebot3_example:/opt/ros/humble /usr/bin/cmake --build /home/garabetov/turtlebot3/src/nav2_custom_controller/build/nav2_custom_controller -- -j4 -l4
[14.798s] DEBUG:colcon.colcon_core.event_handler.log_command:Invoking command in '/home/garabetov/turtlebot3/src/nav2_custom_controller/build/nav2_custom_controller': CMAKE_PREFIX_PATH=${CMAKE_PREFIX_PATH}:/home/garabetov/turtlebot3/install/turtlebot3_teleop:/home/garabetov/turtlebot3/install/turtlebot3_example:/opt/ros/humble /usr/bin/cmake --install /home/garabetov/turtlebot3/src/nav2_custom_controller/build/nav2_custom_controller
[14.812s] Level 1:colcon.colcon_core.environment:create_environment_scripts_only(nav2_custom_controller)
[14.813s] DEBUG:colcon.colcon_core.event_handler.log_command:Invoked command in '/home/garabetov/turtlebot3/src/nav2_custom_controller/build/nav2_custom_controller' returned '0': CMAKE_PREFIX_PATH=${CMAKE_PREFIX_PATH}:/home/garabetov/turtlebot3/install/turtlebot3_teleop:/home/garabetov/turtlebot3/install/turtlebot3_example:/opt/ros/humble /usr/bin/cmake --install /home/garabetov/turtlebot3/src/nav2_custom_controller/build/nav2_custom_controller
[14.843s] Level 1:colcon.colcon_core.environment:checking '/home/garabetov/turtlebot3/src/nav2_custom_controller/install/nav2_custom_controller' for CMake module files
[14.844s] Level 1:colcon.colcon_core.environment:checking '/home/garabetov/turtlebot3/src/nav2_custom_controller/install/nav2_custom_controller' for CMake config files
[14.844s] Level 1:colcon.colcon_core.shell:create_environment_hook('nav2_custom_controller', 'cmake_prefix_path')
[14.869s] INFO:colcon.colcon_core.shell:Creating environment hook '/home/garabetov/turtlebot3/src/nav2_custom_controller/install/nav2_custom_controller/share/nav2_custom_controller/hook/cmake_prefix_path.ps1'
[14.871s] INFO:colcon.colcon_core.shell:Creating environment descriptor '/home/garabetov/turtlebot3/src/nav2_custom_controller/install/nav2_custom_controller/share/nav2_custom_controller/hook/cmake_prefix_path.dsv'
[14.871s] INFO:colcon.colcon_core.shell:Creating environment hook '/home/garabetov/turtlebot3/src/nav2_custom_controller/install/nav2_custom_controller/share/nav2_custom_controller/hook/cmake_prefix_path.sh'
[14.873s] Level 1:colcon.colcon_core.environment:checking '/home/garabetov/turtlebot3/src/nav2_custom_controller/install/nav2_custom_controller/lib'
[14.873s] Level 1:colcon.colcon_core.shell:create_environment_hook('nav2_custom_controller', 'ld_library_path_lib')
[14.897s] INFO:colcon.colcon_core.shell:Creating environment hook '/home/garabetov/turtlebot3/src/nav2_custom_controller/install/nav2_custom_controller/share/nav2_custom_controller/hook/ld_library_path_lib.ps1'
[14.897s] INFO:colcon.colcon_core.shell:Creating environment descriptor '/home/garabetov/turtlebot3/src/nav2_custom_controller/install/nav2_custom_controller/share/nav2_custom_controller/hook/ld_library_path_lib.dsv'
[14.898s] INFO:colcon.colcon_core.shell:Creating environment hook '/home/garabetov/turtlebot3/src/nav2_custom_controller/install/nav2_custom_controller/share/nav2_custom_controller/hook/ld_library_path_lib.sh'
[14.898s] Level 1:colcon.colcon_core.environment:checking '/home/garabetov/turtlebot3/src/nav2_custom_controller/install/nav2_custom_controller/bin'
[14.899s] Level 1:colcon.colcon_core.environment:checking '/home/garabetov/turtlebot3/src/nav2_custom_controller/install/nav2_custom_controller/lib/pkgconfig/nav2_custom_controller.pc'
[14.899s] Level 1:colcon.colcon_core.environment:checking '/home/garabetov/turtlebot3/src/nav2_custom_controller/install/nav2_custom_controller/lib/python3.10/site-packages'
[14.899s] Level 1:colcon.colcon_core.environment:checking '/home/garabetov/turtlebot3/src/nav2_custom_controller/install/nav2_custom_controller/bin'
[14.924s] INFO:colcon.colcon_core.shell:Creating package script '/home/garabetov/turtlebot3/src/nav2_custom_controller/install/nav2_custom_controller/share/nav2_custom_controller/package.ps1'
[14.926s] INFO:colcon.colcon_core.shell:Creating package descriptor '/home/garabetov/turtlebot3/src/nav2_custom_controller/install/nav2_custom_controller/share/nav2_custom_controller/package.dsv'
[14.927s] INFO:colcon.colcon_core.shell:Creating package script '/home/garabetov/turtlebot3/src/nav2_custom_controller/install/nav2_custom_controller/share/nav2_custom_controller/package.sh'
[14.929s] INFO:colcon.colcon_core.shell:Creating package script '/home/garabetov/turtlebot3/src/nav2_custom_controller/install/nav2_custom_controller/share/nav2_custom_controller/package.bash'
[14.931s] INFO:colcon.colcon_core.shell:Creating package script '/home/garabetov/turtlebot3/src/nav2_custom_controller/install/nav2_custom_controller/share/nav2_custom_controller/package.zsh'
[14.932s] Level 1:colcon.colcon_core.environment:create_file_with_runtime_dependencies(/home/garabetov/turtlebot3/src/nav2_custom_controller/install/nav2_custom_controller/share/colcon-core/packages/nav2_custom_controller)
[15.003s] Level 1:colcon.colcon_core.environment:create_environment_scripts_only(nav2_custom_controller)
[15.030s] Level 1:colcon.colcon_core.environment:checking '/home/garabetov/turtlebot3/src/nav2_custom_controller/install/nav2_custom_controller' for CMake module files
[15.031s] Level 1:colcon.colcon_core.environment:checking '/home/garabetov/turtlebot3/src/nav2_custom_controller/install/nav2_custom_controller' for CMake config files
[15.032s] Level 1:colcon.colcon_core.shell:create_environment_hook('nav2_custom_controller', 'cmake_prefix_path')
[15.069s] INFO:colcon.colcon_core.shell:Creating environment hook '/home/garabetov/turtlebot3/src/nav2_custom_controller/install/nav2_custom_controller/share/nav2_custom_controller/hook/cmake_prefix_path.ps1'
[15.069s] INFO:colcon.colcon_core.shell:Creating environment descriptor '/home/garabetov/turtlebot3/src/nav2_custom_controller/install/nav2_custom_controller/share/nav2_custom_controller/hook/cmake_prefix_path.dsv'
[15.070s] INFO:colcon.colcon_core.shell:Creating environment hook '/home/garabetov/turtlebot3/src/nav2_custom_controller/install/nav2_custom_controller/share/nav2_custom_controller/hook/cmake_prefix_path.sh'
[15.071s] Level 1:colcon.colcon_core.environment:checking '/home/garabetov/turtlebot3/src/nav2_custom_controller/install/nav2_custom_controller/lib'
[15.071s] Level 1:colcon.colcon_core.shell:create_environment_hook('nav2_custom_controller', 'ld_library_path_lib')
[15.096s] INFO:colcon.colcon_core.shell:Creating environment hook '/home/garabetov/turtlebot3/src/nav2_custom_controller/install/nav2_custom_controller/share/nav2_custom_controller/hook/ld_library_path_lib.ps1'
[15.097s] INFO:colcon.colcon_core.shell:Creating environment descriptor '/home/garabetov/turtlebot3/src/nav2_custom_controller/install/nav2_custom_controller/share/nav2_custom_controller/hook/ld_library_path_lib.dsv'
[15.098s] INFO:colcon.colcon_core.shell:Creating environment hook '/home/garabetov/turtlebot3/src/nav2_custom_controller/install/nav2_custom_controller/share/nav2_custom_controller/hook/ld_library_path_lib.sh'
[15.098s] Level 1:colcon.colcon_core.environment:checking '/home/garabetov/turtlebot3/src/nav2_custom_controller/install/nav2_custom_controller/bin'
[15.099s] Level 1:colcon.colcon_core.environment:checking '/home/garabetov/turtlebot3/src/nav2_custom_controller/install/nav2_custom_controller/lib/pkgconfig/nav2_custom_controller.pc'
[15.099s] Level 1:colcon.colcon_core.environment:checking '/home/garabetov/turtlebot3/src/nav2_custom_controller/install/nav2_custom_controller/lib/python3.10/site-packages'
[15.099s] Level 1:colcon.colcon_core.environment:checking '/home/garabetov/turtlebot3/src/nav2_custom_controller/install/nav2_custom_controller/bin'
[15.122s] INFO:colcon.colcon_core.shell:Creating package script '/home/garabetov/turtlebot3/src/nav2_custom_controller/install/nav2_custom_controller/share/nav2_custom_controller/package.ps1'
[15.123s] INFO:colcon.colcon_core.shell:Creating package descriptor '/home/garabetov/turtlebot3/src/nav2_custom_controller/install/nav2_custom_controller/share/nav2_custom_controller/package.dsv'
[15.124s] INFO:colcon.colcon_core.shell:Creating package script '/home/garabetov/turtlebot3/src/nav2_custom_controller/install/nav2_custom_controller/share/nav2_custom_controller/package.sh'
[15.125s] INFO:colcon.colcon_core.shell:Creating package script '/home/garabetov/turtlebot3/src/nav2_custom_controller/install/nav2_custom_controller/share/nav2_custom_controller/package.bash'
[15.127s] INFO:colcon.colcon_core.shell:Creating package script '/home/garabetov/turtlebot3/src/nav2_custom_controller/install/nav2_custom_controller/share/nav2_custom_controller/package.zsh'
[15.128s] Level 1:colcon.colcon_core.environment:create_file_with_runtime_dependencies(/home/garabetov/turtlebot3/src/nav2_custom_controller/install/nav2_custom_controller/share/colcon-core/packages/nav2_custom_controller)
[15.128s] DEBUG:colcon.colcon_parallel_executor.executor.parallel:closing loop
[15.129s] DEBUG:colcon.colcon_parallel_executor.executor.parallel:loop closed
[15.129s] DEBUG:colcon.colcon_parallel_executor.executor.parallel:run_until_complete finished with '0'
[15.130s] DEBUG:colcon.colcon_core.event_reactor:joining thread
[15.158s] INFO:colcon.colcon_core.plugin_system:Skipping extension 'colcon_notification.desktop_notification.terminal_notifier': Not used on non-Darwin systems
[15.158s] INFO:colcon.colcon_core.plugin_system:Skipping extension 'colcon_notification.desktop_notification.win32': Not used on non-Windows systems
[15.158s] INFO:colcon.colcon_notification.desktop_notification:Sending desktop notification using 'notify2'
[15.171s] DEBUG:colcon.colcon_core.event_reactor:joined thread
[15.195s] INFO:colcon.colcon_core.shell:Creating prefix script '/home/garabetov/turtlebot3/src/nav2_custom_controller/install/local_setup.ps1'
[15.197s] INFO:colcon.colcon_core.shell:Creating prefix util module '/home/garabetov/turtlebot3/src/nav2_custom_controller/install/_local_setup_util_ps1.py'
[15.200s] INFO:colcon.colcon_core.shell:Creating prefix chain script '/home/garabetov/turtlebot3/src/nav2_custom_controller/install/setup.ps1'
[15.259s] INFO:colcon.colcon_core.shell:Creating prefix script '/home/garabetov/turtlebot3/src/nav2_custom_controller/install/local_setup.sh'
[15.261s] INFO:colcon.colcon_core.shell:Creating prefix util module '/home/garabetov/turtlebot3/src/nav2_custom_controller/install/_local_setup_util_sh.py'
[15.262s] INFO:colcon.colcon_core.shell:Creating prefix chain script '/home/garabetov/turtlebot3/src/nav2_custom_controller/install/setup.sh'
[15.289s] INFO:colcon.colcon_core.shell:Creating prefix script '/home/garabetov/turtlebot3/src/nav2_custom_controller/install/local_setup.bash'
[15.290s] INFO:colcon.colcon_core.shell:Creating prefix chain script '/home/garabetov/turtlebot3/src/nav2_custom_controller/install/setup.bash'
[15.315s] INFO:colcon.colcon_core.shell:Creating prefix script '/home/garabetov/turtlebot3/src/nav2_custom_controller/install/local_setup.zsh'
[15.316s] INFO:colcon.colcon_core.shell:Creating prefix chain script '/home/garabetov/turtlebot3/src/nav2_custom_controller/install/setup.zsh'
