[0.102s] Invoking command in '/home/garabetov/turtlebot3/src/nav2_custom_controller/build/nav2_custom_controller': CMAKE_PREFIX_PATH=${CMAKE_PREFIX_PATH}:/home/garabetov/turtlebot3/install/turtlebot3_teleop:/home/garabetov/turtlebot3/install/turtlebot3_example:/opt/ros/humble /usr/bin/cmake --build /home/garabetov/turtlebot3/src/nav2_custom_controller/build/nav2_custom_controller -- -j4 -l4
[0.167s] [35m[1mConsolidate compiler generated dependencies of target nav2_custom_controller[0m
[0.195s] [ 50%] [32mBuilding CXX object CMakeFiles/nav2_custom_controller.dir/src/custom_controller.cpp.o[0m
[10.814s] [100%] [32m[1mLinking CXX shared library libnav2_custom_controller.so[0m
[11.109s] [100%] Built target nav2_custom_controller
[11.122s] Invoked command in '/home/garabetov/turtlebot3/src/nav2_custom_controller/build/nav2_custom_controller' returned '0': CMAKE_PREFIX_PATH=${CMAKE_PREFIX_PATH}:/home/garabetov/turtlebot3/install/turtlebot3_teleop:/home/garabetov/turtlebot3/install/turtlebot3_example:/opt/ros/humble /usr/bin/cmake --build /home/garabetov/turtlebot3/src/nav2_custom_controller/build/nav2_custom_controller -- -j4 -l4
[11.168s] Invoking command in '/home/garabetov/turtlebot3/src/nav2_custom_controller/build/nav2_custom_controller': CMAKE_PREFIX_PATH=${CMAKE_PREFIX_PATH}:/home/garabetov/turtlebot3/install/turtlebot3_teleop:/home/garabetov/turtlebot3/install/turtlebot3_example:/opt/ros/humble /usr/bin/cmake --install /home/garabetov/turtlebot3/src/nav2_custom_controller/build/nav2_custom_controller
[11.177s] -- Install configuration: "Release"
[11.177s] -- Installing: /home/garabetov/turtlebot3/src/nav2_custom_controller/install/nav2_custom_controller/lib/libnav2_custom_controller.so
[11.179s] -- Set runtime path of "/home/garabetov/turtlebot3/src/nav2_custom_controller/install/nav2_custom_controller/lib/libnav2_custom_controller.so" to ""
[11.180s] -- Up-to-date: /home/garabetov/turtlebot3/src/nav2_custom_controller/install/nav2_custom_controller/include/
[11.182s] -- Up-to-date: /home/garabetov/turtlebot3/src/nav2_custom_controller/install/nav2_custom_controller/include//.vscode
[11.182s] -- Up-to-date: /home/garabetov/turtlebot3/src/nav2_custom_controller/install/nav2_custom_controller/include//.vscode/c_cpp_properties.json
[11.182s] -- Up-to-date: /home/garabetov/turtlebot3/src/nav2_custom_controller/install/nav2_custom_controller/include//nav2_custom_controller
[11.183s] -- Up-to-date: /home/garabetov/turtlebot3/src/nav2_custom_controller/install/nav2_custom_controller/include//nav2_custom_controller/custom_controller.hpp
[11.183s] -- Up-to-date: /home/garabetov/turtlebot3/src/nav2_custom_controller/install/nav2_custom_controller/share/nav2_custom_controller/environment/library_path.sh
[11.183s] -- Up-to-date: /home/garabetov/turtlebot3/src/nav2_custom_controller/install/nav2_custom_controller/share/nav2_custom_controller/environment/library_path.dsv
[11.183s] -- Up-to-date: /home/garabetov/turtlebot3/src/nav2_custom_controller/install/nav2_custom_controller/share/nav2_custom_controller/custom_controller_plugin.xml
[11.183s] -- Up-to-date: /home/garabetov/turtlebot3/src/nav2_custom_controller/install/nav2_custom_controller/share/ament_index/resource_index/package_run_dependencies/nav2_custom_controller
[11.183s] -- Up-to-date: /home/garabetov/turtlebot3/src/nav2_custom_controller/install/nav2_custom_controller/share/ament_index/resource_index/parent_prefix_path/nav2_custom_controller
[11.183s] -- Up-to-date: /home/garabetov/turtlebot3/src/nav2_custom_controller/install/nav2_custom_controller/share/nav2_custom_controller/environment/ament_prefix_path.sh
[11.184s] -- Up-to-date: /home/garabetov/turtlebot3/src/nav2_custom_controller/install/nav2_custom_controller/share/nav2_custom_controller/environment/ament_prefix_path.dsv
[11.184s] -- Up-to-date: /home/garabetov/turtlebot3/src/nav2_custom_controller/install/nav2_custom_controller/share/nav2_custom_controller/environment/path.sh
[11.184s] -- Up-to-date: /home/garabetov/turtlebot3/src/nav2_custom_controller/install/nav2_custom_controller/share/nav2_custom_controller/environment/path.dsv
[11.184s] -- Up-to-date: /home/garabetov/turtlebot3/src/nav2_custom_controller/install/nav2_custom_controller/share/nav2_custom_controller/local_setup.bash
[11.184s] -- Up-to-date: /home/garabetov/turtlebot3/src/nav2_custom_controller/install/nav2_custom_controller/share/nav2_custom_controller/local_setup.sh
[11.185s] -- Up-to-date: /home/garabetov/turtlebot3/src/nav2_custom_controller/install/nav2_custom_controller/share/nav2_custom_controller/local_setup.zsh
[11.185s] -- Up-to-date: /home/garabetov/turtlebot3/src/nav2_custom_controller/install/nav2_custom_controller/share/nav2_custom_controller/local_setup.dsv
[11.186s] -- Installing: /home/garabetov/turtlebot3/src/nav2_custom_controller/install/nav2_custom_controller/share/nav2_custom_controller/package.dsv
[11.186s] -- Up-to-date: /home/garabetov/turtlebot3/src/nav2_custom_controller/install/nav2_custom_controller/share/ament_index/resource_index/packages/nav2_custom_controller
[11.186s] -- Up-to-date: /home/garabetov/turtlebot3/src/nav2_custom_controller/install/nav2_custom_controller/share/ament_index/resource_index/nav2_core__pluginlib__plugin/nav2_custom_controller
[11.186s] -- Up-to-date: /home/garabetov/turtlebot3/src/nav2_custom_controller/install/nav2_custom_controller/share/nav2_custom_controller/cmake/ament_cmake_export_include_directories-extras.cmake
[11.187s] -- Up-to-date: /home/garabetov/turtlebot3/src/nav2_custom_controller/install/nav2_custom_controller/share/nav2_custom_controller/cmake/ament_cmake_export_libraries-extras.cmake
[11.187s] -- Up-to-date: /home/garabetov/turtlebot3/src/nav2_custom_controller/install/nav2_custom_controller/share/nav2_custom_controller/cmake/ament_cmake_export_dependencies-extras.cmake
[11.187s] -- Up-to-date: /home/garabetov/turtlebot3/src/nav2_custom_controller/install/nav2_custom_controller/share/nav2_custom_controller/cmake/nav2_custom_controllerConfig.cmake
[11.188s] -- Up-to-date: /home/garabetov/turtlebot3/src/nav2_custom_controller/install/nav2_custom_controller/share/nav2_custom_controller/cmake/nav2_custom_controllerConfig-version.cmake
[11.188s] -- Up-to-date: /home/garabetov/turtlebot3/src/nav2_custom_controller/install/nav2_custom_controller/share/nav2_custom_controller/package.xml
[11.188s] Invoked command in '/home/garabetov/turtlebot3/src/nav2_custom_controller/build/nav2_custom_controller' returned '0': CMAKE_PREFIX_PATH=${CMAKE_PREFIX_PATH}:/home/garabetov/turtlebot3/install/turtlebot3_teleop:/home/garabetov/turtlebot3/install/turtlebot3_example:/opt/ros/humble /usr/bin/cmake --install /home/garabetov/turtlebot3/src/nav2_custom_controller/build/nav2_custom_controller
