[1.318s] DEBUG:colcon:Command line arguments: ['/usr/bin/colcon', 'build']
[1.318s] DEBUG:colcon:Parsed command line arguments: Namespace(log_base=None, log_level=None, verb_name='build', build_base='build', install_base='install', merge_install=False, symlink_install=False, test_result_base=None, continue_on_error=False, executor='parallel', parallel_workers=4, event_handlers=None, ignore_user_meta=False, metas=['./colcon.meta'], base_paths=['.'], packages_ignore=None, packages_ignore_regex=None, paths=None, packages_up_to=None, packages_up_to_regex=None, packages_above=None, packages_above_and_dependencies=None, packages_above_depth=None, packages_select_by_dep=None, packages_skip_by_dep=None, packages_skip_up_to=None, packages_select_build_failed=False, packages_skip_build_finished=False, packages_select_test_failures=False, packages_skip_test_passed=False, packages_select=None, packages_skip=None, packages_select_regex=None, packages_skip_regex=None, packages_start=None, packages_end=None, allow_overriding=[], cmake_args=None, cmake_target=None, cmake_target_skip_unavailable=False, cmake_clean_cache=False, cmake_clean_first=False, cmake_force_configure=False, ament_cmake_args=None, catkin_cmake_args=None, catkin_skip_building_tests=False, verb_parser=<colcon_defaults.argument_parser.defaults.DefaultArgumentsDecorator object at 0x7f00c211f3d0>, verb_extension=<colcon_core.verb.build.BuildVerb object at 0x7f00c20d6020>, main=<bound method BuildVerb.main of <colcon_core.verb.build.BuildVerb object at 0x7f00c20d6020>>)
[1.378s] Level 1:colcon.colcon_core.package_discovery:discover_packages(colcon_meta) check parameters
[1.379s] Level 1:colcon.colcon_core.package_discovery:discover_packages(recursive) check parameters
[1.379s] Level 1:colcon.colcon_core.package_discovery:discover_packages(ignore) check parameters
[1.379s] Level 1:colcon.colcon_core.package_discovery:discover_packages(path) check parameters
[1.379s] Level 1:colcon.colcon_core.package_discovery:discover_packages(colcon_meta) discover
[1.379s] Level 1:colcon.colcon_core.package_discovery:discover_packages(recursive) discover
[1.379s] INFO:colcon.colcon_core.package_discovery:Crawling recursively for packages in '/home/garabetov/turtlebot3/src/nav2_custom_controller'
[1.379s] Level 1:colcon.colcon_core.package_identification:_identify(.) by extensions ['ignore', 'ignore_ament_install']
[1.379s] Level 1:colcon.colcon_core.package_identification:_identify(.) by extension 'ignore'
[1.379s] Level 1:colcon.colcon_core.package_identification:_identify(.) by extension 'ignore_ament_install'
[1.379s] Level 1:colcon.colcon_core.package_identification:_identify(.) by extensions ['colcon_pkg']
[1.379s] Level 1:colcon.colcon_core.package_identification:_identify(.) by extension 'colcon_pkg'
[1.379s] Level 1:colcon.colcon_core.package_identification:_identify(.) by extensions ['colcon_meta']
[1.379s] Level 1:colcon.colcon_core.package_identification:_identify(.) by extension 'colcon_meta'
[1.380s] Level 1:colcon.colcon_core.package_identification:_identify(.) by extensions ['ros']
[1.380s] Level 1:colcon.colcon_core.package_identification:_identify(.) by extension 'ros'
[1.397s] DEBUG:colcon.colcon_core.package_identification:Package '.' with type 'ros.ament_cmake' and name 'nav2_custom_controller'
[1.397s] Level 1:colcon.colcon_core.package_discovery:discover_packages(recursive) using defaults
[1.397s] Level 1:colcon.colcon_core.package_discovery:discover_packages(ignore) discover
[1.397s] Level 1:colcon.colcon_core.package_discovery:discover_packages(ignore) using defaults
[1.397s] Level 1:colcon.colcon_core.package_discovery:discover_packages(path) discover
[1.397s] Level 1:colcon.colcon_core.package_discovery:discover_packages(path) using defaults
[1.529s] Level 1:colcon.colcon_core.package_discovery:discover_packages(prefix_path) check parameters
[1.529s] Level 1:colcon.colcon_core.package_discovery:discover_packages(prefix_path) discover
[1.570s] DEBUG:colcon.colcon_installed_package_information.package_discovery:Found 19 installed packages in /home/garabetov/turtlebot3/install
[1.591s] DEBUG:colcon.colcon_installed_package_information.package_discovery:Found 388 installed packages in /opt/ros/humble
[1.606s] Level 1:colcon.colcon_core.package_discovery:discover_packages(prefix_path) using defaults
[1.748s] Level 5:colcon.colcon_core.verb:set package 'nav2_custom_controller' build argument 'cmake_args' from command line to 'None'
[1.748s] Level 5:colcon.colcon_core.verb:set package 'nav2_custom_controller' build argument 'cmake_target' from command line to 'None'
[1.749s] Level 5:colcon.colcon_core.verb:set package 'nav2_custom_controller' build argument 'cmake_target_skip_unavailable' from command line to 'False'
[1.749s] Level 5:colcon.colcon_core.verb:set package 'nav2_custom_controller' build argument 'cmake_clean_cache' from command line to 'False'
[1.749s] Level 5:colcon.colcon_core.verb:set package 'nav2_custom_controller' build argument 'cmake_clean_first' from command line to 'False'
[1.749s] Level 5:colcon.colcon_core.verb:set package 'nav2_custom_controller' build argument 'cmake_force_configure' from command line to 'False'
[1.749s] Level 5:colcon.colcon_core.verb:set package 'nav2_custom_controller' build argument 'ament_cmake_args' from command line to 'None'
[1.749s] Level 5:colcon.colcon_core.verb:set package 'nav2_custom_controller' build argument 'catkin_cmake_args' from command line to 'None'
[1.749s] Level 5:colcon.colcon_core.verb:set package 'nav2_custom_controller' build argument 'catkin_skip_building_tests' from command line to 'False'
[1.749s] DEBUG:colcon.colcon_core.verb:Building package 'nav2_custom_controller' with the following arguments: {'ament_cmake_args': None, 'build_base': '/home/garabetov/turtlebot3/src/nav2_custom_controller/build/nav2_custom_controller', 'catkin_cmake_args': None, 'catkin_skip_building_tests': False, 'cmake_args': None, 'cmake_clean_cache': False, 'cmake_clean_first': False, 'cmake_force_configure': False, 'cmake_target': None, 'cmake_target_skip_unavailable': False, 'install_base': '/home/garabetov/turtlebot3/src/nav2_custom_controller/install/nav2_custom_controller', 'merge_install': False, 'path': '/home/garabetov/turtlebot3/src/nav2_custom_controller', 'symlink_install': False, 'test_result_base': None}
[1.769s] INFO:colcon.colcon_core.executor:Executing jobs using 'parallel' executor
[1.789s] DEBUG:colcon.colcon_parallel_executor.executor.parallel:run_until_complete
[1.789s] INFO:colcon.colcon_ros.task.ament_cmake.build:Building ROS package in '/home/garabetov/turtlebot3/src/nav2_custom_controller' with build type 'ament_cmake'
[1.790s] INFO:colcon.colcon_cmake.task.cmake.build:Building CMake package in '/home/garabetov/turtlebot3/src/nav2_custom_controller'
[1.813s] INFO:colcon.colcon_core.plugin_system:Skipping extension 'colcon_core.shell.bat': Not used on non-Windows systems
[1.813s] INFO:colcon.colcon_core.shell:Skip shell extension 'powershell' for command environment: Not usable outside of PowerShell
[1.813s] DEBUG:colcon.colcon_core.shell:Skip shell extension 'dsv' for command environment
[1.892s] DEBUG:colcon.colcon_core.event_handler.log_command:Invoking command in '/home/garabetov/turtlebot3/src/nav2_custom_controller/build/nav2_custom_controller': CMAKE_PREFIX_PATH=${CMAKE_PREFIX_PATH}:/home/garabetov/turtlebot3/install/turtlebot3_teleop:/home/garabetov/turtlebot3/install/turtlebot3_example:/opt/ros/humble /usr/bin/cmake --build /home/garabetov/turtlebot3/src/nav2_custom_controller/build/nav2_custom_controller -- -j4 -l4
[12.912s] DEBUG:colcon.colcon_core.event_handler.log_command:Invoked command in '/home/garabetov/turtlebot3/src/nav2_custom_controller/build/nav2_custom_controller' returned '0': CMAKE_PREFIX_PATH=${CMAKE_PREFIX_PATH}:/home/garabetov/turtlebot3/install/turtlebot3_teleop:/home/garabetov/turtlebot3/install/turtlebot3_example:/opt/ros/humble /usr/bin/cmake --build /home/garabetov/turtlebot3/src/nav2_custom_controller/build/nav2_custom_controller -- -j4 -l4
[12.959s] DEBUG:colcon.colcon_core.event_handler.log_command:Invoking command in '/home/garabetov/turtlebot3/src/nav2_custom_controller/build/nav2_custom_controller': CMAKE_PREFIX_PATH=${CMAKE_PREFIX_PATH}:/home/garabetov/turtlebot3/install/turtlebot3_teleop:/home/garabetov/turtlebot3/install/turtlebot3_example:/opt/ros/humble /usr/bin/cmake --install /home/garabetov/turtlebot3/src/nav2_custom_controller/build/nav2_custom_controller
[12.975s] Level 1:colcon.colcon_core.environment:create_environment_scripts_only(nav2_custom_controller)
[12.978s] DEBUG:colcon.colcon_core.event_handler.log_command:Invoked command in '/home/garabetov/turtlebot3/src/nav2_custom_controller/build/nav2_custom_controller' returned '0': CMAKE_PREFIX_PATH=${CMAKE_PREFIX_PATH}:/home/garabetov/turtlebot3/install/turtlebot3_teleop:/home/garabetov/turtlebot3/install/turtlebot3_example:/opt/ros/humble /usr/bin/cmake --install /home/garabetov/turtlebot3/src/nav2_custom_controller/build/nav2_custom_controller
[13.000s] Level 1:colcon.colcon_core.environment:checking '/home/garabetov/turtlebot3/src/nav2_custom_controller/install/nav2_custom_controller' for CMake module files
[13.000s] Level 1:colcon.colcon_core.environment:checking '/home/garabetov/turtlebot3/src/nav2_custom_controller/install/nav2_custom_controller' for CMake config files
[13.001s] Level 1:colcon.colcon_core.shell:create_environment_hook('nav2_custom_controller', 'cmake_prefix_path')
[13.030s] INFO:colcon.colcon_core.shell:Creating environment hook '/home/garabetov/turtlebot3/src/nav2_custom_controller/install/nav2_custom_controller/share/nav2_custom_controller/hook/cmake_prefix_path.ps1'
[13.031s] INFO:colcon.colcon_core.shell:Creating environment descriptor '/home/garabetov/turtlebot3/src/nav2_custom_controller/install/nav2_custom_controller/share/nav2_custom_controller/hook/cmake_prefix_path.dsv'
[13.032s] INFO:colcon.colcon_core.shell:Creating environment hook '/home/garabetov/turtlebot3/src/nav2_custom_controller/install/nav2_custom_controller/share/nav2_custom_controller/hook/cmake_prefix_path.sh'
[13.034s] Level 1:colcon.colcon_core.environment:checking '/home/garabetov/turtlebot3/src/nav2_custom_controller/install/nav2_custom_controller/lib'
[13.035s] Level 1:colcon.colcon_core.shell:create_environment_hook('nav2_custom_controller', 'ld_library_path_lib')
[13.067s] INFO:colcon.colcon_core.shell:Creating environment hook '/home/garabetov/turtlebot3/src/nav2_custom_controller/install/nav2_custom_controller/share/nav2_custom_controller/hook/ld_library_path_lib.ps1'
[13.068s] INFO:colcon.colcon_core.shell:Creating environment descriptor '/home/garabetov/turtlebot3/src/nav2_custom_controller/install/nav2_custom_controller/share/nav2_custom_controller/hook/ld_library_path_lib.dsv'
[13.068s] INFO:colcon.colcon_core.shell:Creating environment hook '/home/garabetov/turtlebot3/src/nav2_custom_controller/install/nav2_custom_controller/share/nav2_custom_controller/hook/ld_library_path_lib.sh'
[13.070s] Level 1:colcon.colcon_core.environment:checking '/home/garabetov/turtlebot3/src/nav2_custom_controller/install/nav2_custom_controller/bin'
[13.070s] Level 1:colcon.colcon_core.environment:checking '/home/garabetov/turtlebot3/src/nav2_custom_controller/install/nav2_custom_controller/lib/pkgconfig/nav2_custom_controller.pc'
[13.071s] Level 1:colcon.colcon_core.environment:checking '/home/garabetov/turtlebot3/src/nav2_custom_controller/install/nav2_custom_controller/lib/python3.10/site-packages'
[13.072s] Level 1:colcon.colcon_core.environment:checking '/home/garabetov/turtlebot3/src/nav2_custom_controller/install/nav2_custom_controller/bin'
[13.099s] INFO:colcon.colcon_core.shell:Creating package script '/home/garabetov/turtlebot3/src/nav2_custom_controller/install/nav2_custom_controller/share/nav2_custom_controller/package.ps1'
[13.100s] INFO:colcon.colcon_core.shell:Creating package descriptor '/home/garabetov/turtlebot3/src/nav2_custom_controller/install/nav2_custom_controller/share/nav2_custom_controller/package.dsv'
[13.101s] INFO:colcon.colcon_core.shell:Creating package script '/home/garabetov/turtlebot3/src/nav2_custom_controller/install/nav2_custom_controller/share/nav2_custom_controller/package.sh'
[13.103s] INFO:colcon.colcon_core.shell:Creating package script '/home/garabetov/turtlebot3/src/nav2_custom_controller/install/nav2_custom_controller/share/nav2_custom_controller/package.bash'
[13.104s] INFO:colcon.colcon_core.shell:Creating package script '/home/garabetov/turtlebot3/src/nav2_custom_controller/install/nav2_custom_controller/share/nav2_custom_controller/package.zsh'
[13.105s] Level 1:colcon.colcon_core.environment:create_file_with_runtime_dependencies(/home/garabetov/turtlebot3/src/nav2_custom_controller/install/nav2_custom_controller/share/colcon-core/packages/nav2_custom_controller)
[13.177s] Level 1:colcon.colcon_core.environment:create_environment_scripts_only(nav2_custom_controller)
[13.203s] Level 1:colcon.colcon_core.environment:checking '/home/garabetov/turtlebot3/src/nav2_custom_controller/install/nav2_custom_controller' for CMake module files
[13.204s] Level 1:colcon.colcon_core.environment:checking '/home/garabetov/turtlebot3/src/nav2_custom_controller/install/nav2_custom_controller' for CMake config files
[13.204s] Level 1:colcon.colcon_core.shell:create_environment_hook('nav2_custom_controller', 'cmake_prefix_path')
[13.226s] INFO:colcon.colcon_core.shell:Creating environment hook '/home/garabetov/turtlebot3/src/nav2_custom_controller/install/nav2_custom_controller/share/nav2_custom_controller/hook/cmake_prefix_path.ps1'
[13.226s] INFO:colcon.colcon_core.shell:Creating environment descriptor '/home/garabetov/turtlebot3/src/nav2_custom_controller/install/nav2_custom_controller/share/nav2_custom_controller/hook/cmake_prefix_path.dsv'
[13.227s] INFO:colcon.colcon_core.shell:Creating environment hook '/home/garabetov/turtlebot3/src/nav2_custom_controller/install/nav2_custom_controller/share/nav2_custom_controller/hook/cmake_prefix_path.sh'
[13.227s] Level 1:colcon.colcon_core.environment:checking '/home/garabetov/turtlebot3/src/nav2_custom_controller/install/nav2_custom_controller/lib'
[13.227s] Level 1:colcon.colcon_core.shell:create_environment_hook('nav2_custom_controller', 'ld_library_path_lib')
[13.256s] INFO:colcon.colcon_core.shell:Creating environment hook '/home/garabetov/turtlebot3/src/nav2_custom_controller/install/nav2_custom_controller/share/nav2_custom_controller/hook/ld_library_path_lib.ps1'
[13.256s] INFO:colcon.colcon_core.shell:Creating environment descriptor '/home/garabetov/turtlebot3/src/nav2_custom_controller/install/nav2_custom_controller/share/nav2_custom_controller/hook/ld_library_path_lib.dsv'
[13.257s] INFO:colcon.colcon_core.shell:Creating environment hook '/home/garabetov/turtlebot3/src/nav2_custom_controller/install/nav2_custom_controller/share/nav2_custom_controller/hook/ld_library_path_lib.sh'
[13.258s] Level 1:colcon.colcon_core.environment:checking '/home/garabetov/turtlebot3/src/nav2_custom_controller/install/nav2_custom_controller/bin'
[13.258s] Level 1:colcon.colcon_core.environment:checking '/home/garabetov/turtlebot3/src/nav2_custom_controller/install/nav2_custom_controller/lib/pkgconfig/nav2_custom_controller.pc'
[13.258s] Level 1:colcon.colcon_core.environment:checking '/home/garabetov/turtlebot3/src/nav2_custom_controller/install/nav2_custom_controller/lib/python3.10/site-packages'
[13.259s] Level 1:colcon.colcon_core.environment:checking '/home/garabetov/turtlebot3/src/nav2_custom_controller/install/nav2_custom_controller/bin'
[13.281s] INFO:colcon.colcon_core.shell:Creating package script '/home/garabetov/turtlebot3/src/nav2_custom_controller/install/nav2_custom_controller/share/nav2_custom_controller/package.ps1'
[13.281s] INFO:colcon.colcon_core.shell:Creating package descriptor '/home/garabetov/turtlebot3/src/nav2_custom_controller/install/nav2_custom_controller/share/nav2_custom_controller/package.dsv'
[13.282s] INFO:colcon.colcon_core.shell:Creating package script '/home/garabetov/turtlebot3/src/nav2_custom_controller/install/nav2_custom_controller/share/nav2_custom_controller/package.sh'
[13.283s] INFO:colcon.colcon_core.shell:Creating package script '/home/garabetov/turtlebot3/src/nav2_custom_controller/install/nav2_custom_controller/share/nav2_custom_controller/package.bash'
[13.283s] INFO:colcon.colcon_core.shell:Creating package script '/home/garabetov/turtlebot3/src/nav2_custom_controller/install/nav2_custom_controller/share/nav2_custom_controller/package.zsh'
[13.284s] Level 1:colcon.colcon_core.environment:create_file_with_runtime_dependencies(/home/garabetov/turtlebot3/src/nav2_custom_controller/install/nav2_custom_controller/share/colcon-core/packages/nav2_custom_controller)
[13.284s] DEBUG:colcon.colcon_parallel_executor.executor.parallel:closing loop
[13.286s] DEBUG:colcon.colcon_parallel_executor.executor.parallel:loop closed
[13.286s] DEBUG:colcon.colcon_parallel_executor.executor.parallel:run_until_complete finished with '0'
[13.286s] DEBUG:colcon.colcon_core.event_reactor:joining thread
[13.318s] INFO:colcon.colcon_core.plugin_system:Skipping extension 'colcon_notification.desktop_notification.terminal_notifier': Not used on non-Darwin systems
[13.318s] INFO:colcon.colcon_core.plugin_system:Skipping extension 'colcon_notification.desktop_notification.win32': Not used on non-Windows systems
[13.318s] INFO:colcon.colcon_notification.desktop_notification:Sending desktop notification using 'notify2'
[13.330s] DEBUG:colcon.colcon_core.event_reactor:joined thread
[13.352s] INFO:colcon.colcon_core.shell:Creating prefix script '/home/garabetov/turtlebot3/src/nav2_custom_controller/install/local_setup.ps1'
[13.353s] INFO:colcon.colcon_core.shell:Creating prefix util module '/home/garabetov/turtlebot3/src/nav2_custom_controller/install/_local_setup_util_ps1.py'
[13.354s] INFO:colcon.colcon_core.shell:Creating prefix chain script '/home/garabetov/turtlebot3/src/nav2_custom_controller/install/setup.ps1'
[13.377s] INFO:colcon.colcon_core.shell:Creating prefix script '/home/garabetov/turtlebot3/src/nav2_custom_controller/install/local_setup.sh'
[13.378s] INFO:colcon.colcon_core.shell:Creating prefix util module '/home/garabetov/turtlebot3/src/nav2_custom_controller/install/_local_setup_util_sh.py'
[13.379s] INFO:colcon.colcon_core.shell:Creating prefix chain script '/home/garabetov/turtlebot3/src/nav2_custom_controller/install/setup.sh'
[13.407s] INFO:colcon.colcon_core.shell:Creating prefix script '/home/garabetov/turtlebot3/src/nav2_custom_controller/install/local_setup.bash'
[13.408s] INFO:colcon.colcon_core.shell:Creating prefix chain script '/home/garabetov/turtlebot3/src/nav2_custom_controller/install/setup.bash'
[13.435s] INFO:colcon.colcon_core.shell:Creating prefix script '/home/garabetov/turtlebot3/src/nav2_custom_controller/install/local_setup.zsh'
[13.436s] INFO:colcon.colcon_core.shell:Creating prefix chain script '/home/garabetov/turtlebot3/src/nav2_custom_controller/install/setup.zsh'
