[0.120s] Invoking command in '/home/garabetov/turtlebot3/src/nav2_custom_controller/build/nav2_custom_controller': CMAKE_PREFIX_PATH=${CMAKE_PREFIX_PATH}:/home/garabetov/turtlebot3/install/turtlebot3_teleop:/home/garabetov/turtlebot3/install/turtlebot3_example:/opt/ros/humble /usr/bin/cmake /home/garabetov/turtlebot3/src/nav2_custom_controller -DCMAKE_INSTALL_PREFIX=/home/garabetov/turtlebot3/src/nav2_custom_controller/install/nav2_custom_controller
[1.511s] -- The C compiler identification is GNU 11.4.0
[1.670s] -- The CXX compiler identification is GNU 11.4.0
[1.796s] -- Detecting C compiler ABI info
[2.121s] -- Detecting C compiler ABI info - done
[2.135s] -- Check for working C compiler: /usr/bin/cc - skipped
[2.136s] -- Detecting C compile features
[2.168s] -- Detecting C compile features - done
[2.180s] -- Detecting CXX compiler ABI info
[2.281s] -- Detecting CXX compiler ABI info - done
[2.290s] -- Check for working CXX compiler: /usr/bin/c++ - skipped
[2.290s] -- Detecting CXX compile features
[2.291s] -- Detecting CXX compile features - done
[2.586s] -- Found ament_cmake: 1.3.5 (/opt/ros/humble/share/ament_cmake/cmake)
[2.938s] -- Found Python3: /usr/bin/python3.10 (found version "3.10.12") found components: Interpreter 
[3.289s] -- Found nav2_common: 1.1.12 (/opt/ros/humble/share/nav2_common/cmake)
[3.324s] -- Found nav2_core: 1.1.12 (/opt/ros/humble/share/nav2_core/cmake)
[3.689s] -- Found rosidl_generator_c: 3.1.5 (/opt/ros/humble/share/rosidl_generator_c/cmake)
[3.703s] -- Found rosidl_adapter: 3.1.5 (/opt/ros/humble/share/rosidl_adapter/cmake)
[3.736s] -- Found rosidl_generator_cpp: 3.1.5 (/opt/ros/humble/share/rosidl_generator_cpp/cmake)
[3.842s] -- Using all available rosidl_typesupport_c: rosidl_typesupport_fastrtps_c;rosidl_typesupport_introspection_c
[3.923s] -- Using all available rosidl_typesupport_cpp: rosidl_typesupport_fastrtps_cpp;rosidl_typesupport_introspection_cpp
[4.157s] -- Found rmw_implementation_cmake: 6.1.1 (/opt/ros/humble/share/rmw_implementation_cmake/cmake)
[4.167s] -- Found rmw_fastrtps_cpp: 6.2.4 (/opt/ros/humble/share/rmw_fastrtps_cpp/cmake)
[4.706s] -- Found OpenSSL: /usr/lib/x86_64-linux-gnu/libcrypto.so (found version "3.0.2")  
[4.748s] -- Found FastRTPS: /opt/ros/humble/include  
[4.811s] -- Using RMW implementation 'rmw_fastrtps_cpp' as default
[4.904s] -- Looking for pthread.h
[5.016s] -- Looking for pthread.h - found
[5.016s] -- Performing Test CMAKE_HAVE_LIBC_PTHREAD
[5.107s] -- Performing Test CMAKE_HAVE_LIBC_PTHREAD - Success
[5.108s] -- Found Threads: TRUE  
[8.810s] -- Found Eigen3: TRUE (found version "3.4.0") 
[8.810s] -- Ensuring Eigen3 include directory is part of orocos-kdl CMake target
[11.625s] -- Setting build type to Release as none was specified.
[16.757s] -- Found ament_lint_auto: 0.12.8 (/opt/ros/humble/share/ament_lint_auto/cmake)
[17.861s] -- Added test 'cppcheck' to perform static code analysis on C / C++ code
[17.862s] -- Configured cppcheck include dirs: /home/garabetov/turtlebot3/src/nav2_custom_controller/include
[17.862s] -- Configured cppcheck exclude dirs and/or files: 
[17.868s] -- Added test 'cpplint' to check C / C++ code against the Google style
[17.868s] -- Configured cpplint exclude dirs and/or files: 
[17.872s] -- Added test 'lint_cmake' to check CMake code style
[17.879s] -- Added test 'uncrustify' to check C / C++ code style
[17.879s] -- Configured uncrustify additional arguments: 
[17.882s] -- Added test 'xmllint' to check XML markup files
[18.114s] -- Configuring done
[19.017s] -- Generating done
[19.020s] -- Build files have been written to: /home/garabetov/turtlebot3/src/nav2_custom_controller/build/nav2_custom_controller
[19.037s] Invoked command in '/home/garabetov/turtlebot3/src/nav2_custom_controller/build/nav2_custom_controller' returned '0': CMAKE_PREFIX_PATH=${CMAKE_PREFIX_PATH}:/home/garabetov/turtlebot3/install/turtlebot3_teleop:/home/garabetov/turtlebot3/install/turtlebot3_example:/opt/ros/humble /usr/bin/cmake /home/garabetov/turtlebot3/src/nav2_custom_controller -DCMAKE_INSTALL_PREFIX=/home/garabetov/turtlebot3/src/nav2_custom_controller/install/nav2_custom_controller
[19.038s] Invoking command in '/home/garabetov/turtlebot3/src/nav2_custom_controller/build/nav2_custom_controller': CMAKE_PREFIX_PATH=${CMAKE_PREFIX_PATH}:/home/garabetov/turtlebot3/install/turtlebot3_teleop:/home/garabetov/turtlebot3/install/turtlebot3_example:/opt/ros/humble /usr/bin/cmake --build /home/garabetov/turtlebot3/src/nav2_custom_controller/build/nav2_custom_controller -- -j4 -l4
[19.108s] [ 50%] [32mBuilding CXX object CMakeFiles/nav2_custom_controller.dir/src/custom_controller.cpp.o[0m
[29.881s] [100%] [32m[1mLinking CXX shared library libnav2_custom_controller.so[0m
[30.345s] [100%] Built target nav2_custom_controller
[30.359s] Invoked command in '/home/garabetov/turtlebot3/src/nav2_custom_controller/build/nav2_custom_controller' returned '0': CMAKE_PREFIX_PATH=${CMAKE_PREFIX_PATH}:/home/garabetov/turtlebot3/install/turtlebot3_teleop:/home/garabetov/turtlebot3/install/turtlebot3_example:/opt/ros/humble /usr/bin/cmake --build /home/garabetov/turtlebot3/src/nav2_custom_controller/build/nav2_custom_controller -- -j4 -l4
[30.403s] Invoking command in '/home/garabetov/turtlebot3/src/nav2_custom_controller/build/nav2_custom_controller': CMAKE_PREFIX_PATH=${CMAKE_PREFIX_PATH}:/home/garabetov/turtlebot3/install/turtlebot3_teleop:/home/garabetov/turtlebot3/install/turtlebot3_example:/opt/ros/humble /usr/bin/cmake --install /home/garabetov/turtlebot3/src/nav2_custom_controller/build/nav2_custom_controller
[30.412s] -- Install configuration: "Release"
[30.413s] -- Installing: /home/garabetov/turtlebot3/src/nav2_custom_controller/install/nav2_custom_controller/lib/libnav2_custom_controller.so
[30.414s] -- Set runtime path of "/home/garabetov/turtlebot3/src/nav2_custom_controller/install/nav2_custom_controller/lib/libnav2_custom_controller.so" to ""
[30.415s] -- Installing: /home/garabetov/turtlebot3/src/nav2_custom_controller/install/nav2_custom_controller/include/
[30.415s] -- Installing: /home/garabetov/turtlebot3/src/nav2_custom_controller/install/nav2_custom_controller/include//.vscode
[30.415s] -- Installing: /home/garabetov/turtlebot3/src/nav2_custom_controller/install/nav2_custom_controller/include//.vscode/c_cpp_properties.json
[30.431s] -- Installing: /home/garabetov/turtlebot3/src/nav2_custom_controller/install/nav2_custom_controller/include//nav2_custom_controller
[30.432s] -- Installing: /home/garabetov/turtlebot3/src/nav2_custom_controller/install/nav2_custom_controller/include//nav2_custom_controller/custom_controller.hpp
[30.432s] -- Installing: /home/garabetov/turtlebot3/src/nav2_custom_controller/install/nav2_custom_controller/share/nav2_custom_controller/environment/library_path.sh
[30.433s] -- Installing: /home/garabetov/turtlebot3/src/nav2_custom_controller/install/nav2_custom_controller/share/nav2_custom_controller/environment/library_path.dsv
[30.433s] -- Installing: /home/garabetov/turtlebot3/src/nav2_custom_controller/install/nav2_custom_controller/share/nav2_custom_controller/custom_controller_plugin.xml
[30.433s] -- Installing: /home/garabetov/turtlebot3/src/nav2_custom_controller/install/nav2_custom_controller/share/ament_index/resource_index/package_run_dependencies/nav2_custom_controller
[30.433s] -- Installing: /home/garabetov/turtlebot3/src/nav2_custom_controller/install/nav2_custom_controller/share/ament_index/resource_index/parent_prefix_path/nav2_custom_controller
[30.433s] -- Installing: /home/garabetov/turtlebot3/src/nav2_custom_controller/install/nav2_custom_controller/share/nav2_custom_controller/environment/ament_prefix_path.sh
[30.433s] -- Installing: /home/garabetov/turtlebot3/src/nav2_custom_controller/install/nav2_custom_controller/share/nav2_custom_controller/environment/ament_prefix_path.dsv
[30.434s] -- Installing: /home/garabetov/turtlebot3/src/nav2_custom_controller/install/nav2_custom_controller/share/nav2_custom_controller/environment/path.sh
[30.434s] -- Installing: /home/garabetov/turtlebot3/src/nav2_custom_controller/install/nav2_custom_controller/share/nav2_custom_controller/environment/path.dsv
[30.434s] -- Installing: /home/garabetov/turtlebot3/src/nav2_custom_controller/install/nav2_custom_controller/share/nav2_custom_controller/local_setup.bash
[30.434s] -- Installing: /home/garabetov/turtlebot3/src/nav2_custom_controller/install/nav2_custom_controller/share/nav2_custom_controller/local_setup.sh
[30.434s] -- Installing: /home/garabetov/turtlebot3/src/nav2_custom_controller/install/nav2_custom_controller/share/nav2_custom_controller/local_setup.zsh
[30.434s] -- Installing: /home/garabetov/turtlebot3/src/nav2_custom_controller/install/nav2_custom_controller/share/nav2_custom_controller/local_setup.dsv
[30.435s] -- Installing: /home/garabetov/turtlebot3/src/nav2_custom_controller/install/nav2_custom_controller/share/nav2_custom_controller/package.dsv
[30.435s] -- Installing: /home/garabetov/turtlebot3/src/nav2_custom_controller/install/nav2_custom_controller/share/ament_index/resource_index/packages/nav2_custom_controller
[30.435s] -- Installing: /home/garabetov/turtlebot3/src/nav2_custom_controller/install/nav2_custom_controller/share/ament_index/resource_index/nav2_core__pluginlib__plugin/nav2_custom_controller
[30.436s] -- Installing: /home/garabetov/turtlebot3/src/nav2_custom_controller/install/nav2_custom_controller/share/nav2_custom_controller/cmake/ament_cmake_export_include_directories-extras.cmake
[30.436s] -- Installing: /home/garabetov/turtlebot3/src/nav2_custom_controller/install/nav2_custom_controller/share/nav2_custom_controller/cmake/ament_cmake_export_libraries-extras.cmake
[30.436s] -- Installing: /home/garabetov/turtlebot3/src/nav2_custom_controller/install/nav2_custom_controller/share/nav2_custom_controller/cmake/ament_cmake_export_dependencies-extras.cmake
[30.436s] -- Installing: /home/garabetov/turtlebot3/src/nav2_custom_controller/install/nav2_custom_controller/share/nav2_custom_controller/cmake/nav2_custom_controllerConfig.cmake
[30.436s] -- Installing: /home/garabetov/turtlebot3/src/nav2_custom_controller/install/nav2_custom_controller/share/nav2_custom_controller/cmake/nav2_custom_controllerConfig-version.cmake
[30.437s] -- Installing: /home/garabetov/turtlebot3/src/nav2_custom_controller/install/nav2_custom_controller/share/nav2_custom_controller/package.xml
[30.439s] Invoked command in '/home/garabetov/turtlebot3/src/nav2_custom_controller/build/nav2_custom_controller' returned '0': CMAKE_PREFIX_PATH=${CMAKE_PREFIX_PATH}:/home/garabetov/turtlebot3/install/turtlebot3_teleop:/home/garabetov/turtlebot3/install/turtlebot3_example:/opt/ros/humble /usr/bin/cmake --install /home/garabetov/turtlebot3/src/nav2_custom_controller/build/nav2_custom_controller
