[0.320s] DEBUG:colcon:Command line arguments: ['/usr/bin/colcon', 'build', '--packages-select', 'nav2_custom_controller']
[0.320s] DEBUG:colcon:Parsed command line arguments: Namespace(log_base=None, log_level=None, verb_name='build', build_base='build', install_base='install', merge_install=False, symlink_install=False, test_result_base=None, continue_on_error=False, executor='parallel', parallel_workers=4, event_handlers=None, ignore_user_meta=False, metas=['./colcon.meta'], base_paths=['.'], packages_ignore=None, packages_ignore_regex=None, paths=None, packages_up_to=None, packages_up_to_regex=None, packages_above=None, packages_above_and_dependencies=None, packages_above_depth=None, packages_select_by_dep=None, packages_skip_by_dep=None, packages_skip_up_to=None, packages_select_build_failed=False, packages_skip_build_finished=False, packages_select_test_failures=False, packages_skip_test_passed=False, packages_select=['nav2_custom_controller'], packages_skip=None, packages_select_regex=None, packages_skip_regex=None, packages_start=None, packages_end=None, allow_overriding=[], cmake_args=None, cmake_target=None, cmake_target_skip_unavailable=False, cmake_clean_cache=False, cmake_clean_first=False, cmake_force_configure=False, ament_cmake_args=None, catkin_cmake_args=None, catkin_skip_building_tests=False, verb_parser=<colcon_defaults.argument_parser.defaults.DefaultArgumentsDecorator object at 0x7a4826638a60>, verb_extension=<colcon_core.verb.build.BuildVerb object at 0x7a48267a6380>, main=<bound method BuildVerb.main of <colcon_core.verb.build.BuildVerb object at 0x7a48267a6380>>)
[0.668s] Level 1:colcon.colcon_core.package_discovery:discover_packages(colcon_meta) check parameters
[0.668s] Level 1:colcon.colcon_core.package_discovery:discover_packages(recursive) check parameters
[0.669s] Level 1:colcon.colcon_core.package_discovery:discover_packages(ignore) check parameters
[0.669s] Level 1:colcon.colcon_core.package_discovery:discover_packages(path) check parameters
[0.669s] Level 1:colcon.colcon_core.package_discovery:discover_packages(colcon_meta) discover
[0.669s] Level 1:colcon.colcon_core.package_discovery:discover_packages(recursive) discover
[0.669s] INFO:colcon.colcon_core.package_discovery:Crawling recursively for packages in '/home/mario/scout_working/src'
[0.669s] Level 1:colcon.colcon_core.package_identification:_identify(.) by extensions ['ignore', 'ignore_ament_install']
[0.669s] Level 1:colcon.colcon_core.package_identification:_identify(.) by extension 'ignore'
[0.669s] Level 1:colcon.colcon_core.package_identification:_identify(.) by extension 'ignore_ament_install'
[0.669s] Level 1:colcon.colcon_core.package_identification:_identify(.) by extensions ['colcon_pkg']
[0.669s] Level 1:colcon.colcon_core.package_identification:_identify(.) by extension 'colcon_pkg'
[0.669s] Level 1:colcon.colcon_core.package_identification:_identify(.) by extensions ['colcon_meta']
[0.670s] Level 1:colcon.colcon_core.package_identification:_identify(.) by extension 'colcon_meta'
[0.670s] Level 1:colcon.colcon_core.package_identification:_identify(.) by extensions ['ros']
[0.670s] Level 1:colcon.colcon_core.package_identification:_identify(.) by extension 'ros'
[0.686s] Level 1:colcon.colcon_core.package_identification:_identify(.) by extensions ['cmake', 'python']
[0.686s] Level 1:colcon.colcon_core.package_identification:_identify(.) by extension 'cmake'
[0.686s] Level 1:colcon.colcon_core.package_identification:_identify(.) by extension 'python'
[0.687s] Level 1:colcon.colcon_core.package_identification:_identify(.) by extensions ['python_setup_py']
[0.687s] Level 1:colcon.colcon_core.package_identification:_identify(.) by extension 'python_setup_py'
[0.687s] Level 1:colcon.colcon_core.package_identification:_identify(build) by extensions ['ignore', 'ignore_ament_install']
[0.687s] Level 1:colcon.colcon_core.package_identification:_identify(build) by extension 'ignore'
[0.687s] Level 1:colcon.colcon_core.package_identification:_identify(build) ignored
[0.687s] Level 1:colcon.colcon_core.package_identification:_identify(costmap_converter) by extensions ['ignore', 'ignore_ament_install']
[0.687s] Level 1:colcon.colcon_core.package_identification:_identify(costmap_converter) by extension 'ignore'
[0.687s] Level 1:colcon.colcon_core.package_identification:_identify(costmap_converter) by extension 'ignore_ament_install'
[0.687s] Level 1:colcon.colcon_core.package_identification:_identify(costmap_converter) by extensions ['colcon_pkg']
[0.687s] Level 1:colcon.colcon_core.package_identification:_identify(costmap_converter) by extension 'colcon_pkg'
[0.688s] Level 1:colcon.colcon_core.package_identification:_identify(costmap_converter) by extensions ['colcon_meta']
[0.688s] Level 1:colcon.colcon_core.package_identification:_identify(costmap_converter) by extension 'colcon_meta'
[0.688s] Level 1:colcon.colcon_core.package_identification:_identify(costmap_converter) by extensions ['ros']
[0.688s] Level 1:colcon.colcon_core.package_identification:_identify(costmap_converter) by extension 'ros'
[0.693s] DEBUG:colcon.colcon_core.package_identification:Package 'costmap_converter' with type 'ros.ament_cmake' and name 'costmap_converter'
[0.693s] Level 1:colcon.colcon_core.package_identification:_identify(costmap_converter_msgs) by extensions ['ignore', 'ignore_ament_install']
[0.693s] Level 1:colcon.colcon_core.package_identification:_identify(costmap_converter_msgs) by extension 'ignore'
[0.693s] Level 1:colcon.colcon_core.package_identification:_identify(costmap_converter_msgs) by extension 'ignore_ament_install'
[0.693s] Level 1:colcon.colcon_core.package_identification:_identify(costmap_converter_msgs) by extensions ['colcon_pkg']
[0.693s] Level 1:colcon.colcon_core.package_identification:_identify(costmap_converter_msgs) by extension 'colcon_pkg'
[0.693s] Level 1:colcon.colcon_core.package_identification:_identify(costmap_converter_msgs) by extensions ['colcon_meta']
[0.693s] Level 1:colcon.colcon_core.package_identification:_identify(costmap_converter_msgs) by extension 'colcon_meta'
[0.693s] Level 1:colcon.colcon_core.package_identification:_identify(costmap_converter_msgs) by extensions ['ros']
[0.693s] Level 1:colcon.colcon_core.package_identification:_identify(costmap_converter_msgs) by extension 'ros'
[0.694s] DEBUG:colcon.colcon_core.package_identification:Package 'costmap_converter_msgs' with type 'ros.ament_cmake' and name 'costmap_converter_msgs'
[0.694s] Level 1:colcon.colcon_core.package_identification:_identify(costmap_test) by extensions ['ignore', 'ignore_ament_install']
[0.695s] Level 1:colcon.colcon_core.package_identification:_identify(costmap_test) by extension 'ignore'
[0.695s] Level 1:colcon.colcon_core.package_identification:_identify(costmap_test) by extension 'ignore_ament_install'
[0.695s] Level 1:colcon.colcon_core.package_identification:_identify(costmap_test) by extensions ['colcon_pkg']
[0.695s] Level 1:colcon.colcon_core.package_identification:_identify(costmap_test) by extension 'colcon_pkg'
[0.695s] Level 1:colcon.colcon_core.package_identification:_identify(costmap_test) by extensions ['colcon_meta']
[0.695s] Level 1:colcon.colcon_core.package_identification:_identify(costmap_test) by extension 'colcon_meta'
[0.695s] Level 1:colcon.colcon_core.package_identification:_identify(costmap_test) by extensions ['ros']
[0.695s] Level 1:colcon.colcon_core.package_identification:_identify(costmap_test) by extension 'ros'
[0.696s] DEBUG:colcon.colcon_core.package_identification:Package 'costmap_test' with type 'ros.ament_cmake' and name 'costmap_test'
[0.696s] Level 1:colcon.colcon_core.package_identification:_identify(filters) by extensions ['ignore', 'ignore_ament_install']
[0.696s] Level 1:colcon.colcon_core.package_identification:_identify(filters) by extension 'ignore'
[0.696s] Level 1:colcon.colcon_core.package_identification:_identify(filters) by extension 'ignore_ament_install'
[0.696s] Level 1:colcon.colcon_core.package_identification:_identify(filters) by extensions ['colcon_pkg']
[0.696s] Level 1:colcon.colcon_core.package_identification:_identify(filters) by extension 'colcon_pkg'
[0.696s] Level 1:colcon.colcon_core.package_identification:_identify(filters) by extensions ['colcon_meta']
[0.696s] Level 1:colcon.colcon_core.package_identification:_identify(filters) by extension 'colcon_meta'
[0.696s] Level 1:colcon.colcon_core.package_identification:_identify(filters) by extensions ['ros']
[0.696s] Level 1:colcon.colcon_core.package_identification:_identify(filters) by extension 'ros'
[0.698s] DEBUG:colcon.colcon_core.package_identification:Package 'filters' with type 'ros.ament_cmake' and name 'filters'
[0.698s] Level 1:colcon.colcon_core.package_identification:_identify(install) by extensions ['ignore', 'ignore_ament_install']
[0.698s] Level 1:colcon.colcon_core.package_identification:_identify(install) by extension 'ignore'
[0.698s] Level 1:colcon.colcon_core.package_identification:_identify(install) ignored
[0.698s] Level 1:colcon.colcon_core.package_identification:_identify(laser_filters) by extensions ['ignore', 'ignore_ament_install']
[0.698s] Level 1:colcon.colcon_core.package_identification:_identify(laser_filters) by extension 'ignore'
[0.698s] Level 1:colcon.colcon_core.package_identification:_identify(laser_filters) by extension 'ignore_ament_install'
[0.698s] Level 1:colcon.colcon_core.package_identification:_identify(laser_filters) by extensions ['colcon_pkg']
[0.698s] Level 1:colcon.colcon_core.package_identification:_identify(laser_filters) by extension 'colcon_pkg'
[0.698s] Level 1:colcon.colcon_core.package_identification:_identify(laser_filters) by extensions ['colcon_meta']
[0.698s] Level 1:colcon.colcon_core.package_identification:_identify(laser_filters) by extension 'colcon_meta'
[0.698s] Level 1:colcon.colcon_core.package_identification:_identify(laser_filters) by extensions ['ros']
[0.698s] Level 1:colcon.colcon_core.package_identification:_identify(laser_filters) by extension 'ros'
[0.700s] DEBUG:colcon.colcon_core.package_identification:Package 'laser_filters' with type 'ros.ament_cmake' and name 'laser_filters'
[0.700s] Level 1:colcon.colcon_core.package_identification:_identify(log) by extensions ['ignore', 'ignore_ament_install']
[0.700s] Level 1:colcon.colcon_core.package_identification:_identify(log) by extension 'ignore'
[0.700s] Level 1:colcon.colcon_core.package_identification:_identify(log) ignored
[0.701s] Level 1:colcon.colcon_core.package_identification:_identify(nav2_costmap_2d) by extensions ['ignore', 'ignore_ament_install']
[0.701s] Level 1:colcon.colcon_core.package_identification:_identify(nav2_costmap_2d) by extension 'ignore'
[0.701s] Level 1:colcon.colcon_core.package_identification:_identify(nav2_costmap_2d) by extension 'ignore_ament_install'
[0.701s] Level 1:colcon.colcon_core.package_identification:_identify(nav2_costmap_2d) by extensions ['colcon_pkg']
[0.701s] Level 1:colcon.colcon_core.package_identification:_identify(nav2_costmap_2d) by extension 'colcon_pkg'
[0.701s] Level 1:colcon.colcon_core.package_identification:_identify(nav2_costmap_2d) by extensions ['colcon_meta']
[0.701s] Level 1:colcon.colcon_core.package_identification:_identify(nav2_costmap_2d) by extension 'colcon_meta'
[0.701s] Level 1:colcon.colcon_core.package_identification:_identify(nav2_costmap_2d) by extensions ['ros']
[0.701s] Level 1:colcon.colcon_core.package_identification:_identify(nav2_costmap_2d) by extension 'ros'
[0.704s] DEBUG:colcon.colcon_core.package_identification:Package 'nav2_costmap_2d' with type 'ros.ament_cmake' and name 'nav2_costmap_2d'
[0.704s] Level 1:colcon.colcon_core.package_identification:_identify(nav2_custom_controller) by extensions ['ignore', 'ignore_ament_install']
[0.704s] Level 1:colcon.colcon_core.package_identification:_identify(nav2_custom_controller) by extension 'ignore'
[0.704s] Level 1:colcon.colcon_core.package_identification:_identify(nav2_custom_controller) by extension 'ignore_ament_install'
[0.704s] Level 1:colcon.colcon_core.package_identification:_identify(nav2_custom_controller) by extensions ['colcon_pkg']
[0.704s] Level 1:colcon.colcon_core.package_identification:_identify(nav2_custom_controller) by extension 'colcon_pkg'
[0.704s] Level 1:colcon.colcon_core.package_identification:_identify(nav2_custom_controller) by extensions ['colcon_meta']
[0.704s] Level 1:colcon.colcon_core.package_identification:_identify(nav2_custom_controller) by extension 'colcon_meta'
[0.705s] Level 1:colcon.colcon_core.package_identification:_identify(nav2_custom_controller) by extensions ['ros']
[0.705s] Level 1:colcon.colcon_core.package_identification:_identify(nav2_custom_controller) by extension 'ros'
[0.706s] DEBUG:colcon.colcon_core.package_identification:Package 'nav2_custom_controller' with type 'ros.ament_cmake' and name 'nav2_custom_controller'
[0.706s] Level 1:colcon.colcon_core.package_identification:_identify(nmea_navsat_driver) by extensions ['ignore', 'ignore_ament_install']
[0.706s] Level 1:colcon.colcon_core.package_identification:_identify(nmea_navsat_driver) by extension 'ignore'
[0.706s] Level 1:colcon.colcon_core.package_identification:_identify(nmea_navsat_driver) by extension 'ignore_ament_install'
[0.707s] Level 1:colcon.colcon_core.package_identification:_identify(nmea_navsat_driver) by extensions ['colcon_pkg']
[0.707s] Level 1:colcon.colcon_core.package_identification:_identify(nmea_navsat_driver) by extension 'colcon_pkg'
[0.707s] Level 1:colcon.colcon_core.package_identification:_identify(nmea_navsat_driver) by extensions ['colcon_meta']
[0.707s] Level 1:colcon.colcon_core.package_identification:_identify(nmea_navsat_driver) by extension 'colcon_meta'
[0.707s] Level 1:colcon.colcon_core.package_identification:_identify(nmea_navsat_driver) by extensions ['ros']
[0.707s] Level 1:colcon.colcon_core.package_identification:_identify(nmea_navsat_driver) by extension 'ros'
[0.708s] DEBUG:colcon.colcon_core.package_identification:Package 'nmea_navsat_driver' with type 'ros.ament_python' and name 'nmea_navsat_driver'
[0.708s] Level 1:colcon.colcon_core.package_identification:_identify(rplidar_ros) by extensions ['ignore', 'ignore_ament_install']
[0.708s] Level 1:colcon.colcon_core.package_identification:_identify(rplidar_ros) by extension 'ignore'
[0.708s] Level 1:colcon.colcon_core.package_identification:_identify(rplidar_ros) by extension 'ignore_ament_install'
[0.708s] Level 1:colcon.colcon_core.package_identification:_identify(rplidar_ros) by extensions ['colcon_pkg']
[0.708s] Level 1:colcon.colcon_core.package_identification:_identify(rplidar_ros) by extension 'colcon_pkg'
[0.708s] Level 1:colcon.colcon_core.package_identification:_identify(rplidar_ros) by extensions ['colcon_meta']
[0.708s] Level 1:colcon.colcon_core.package_identification:_identify(rplidar_ros) by extension 'colcon_meta'
[0.708s] Level 1:colcon.colcon_core.package_identification:_identify(rplidar_ros) by extensions ['ros']
[0.708s] Level 1:colcon.colcon_core.package_identification:_identify(rplidar_ros) by extension 'ros'
[0.709s] DEBUG:colcon.colcon_core.package_identification:Package 'rplidar_ros' with type 'ros.ament_cmake' and name 'rplidar_ros2'
[0.709s] Level 1:colcon.colcon_core.package_identification:_identify(scout_base) by extensions ['ignore', 'ignore_ament_install']
[0.709s] Level 1:colcon.colcon_core.package_identification:_identify(scout_base) by extension 'ignore'
[0.710s] Level 1:colcon.colcon_core.package_identification:_identify(scout_base) by extension 'ignore_ament_install'
[0.710s] Level 1:colcon.colcon_core.package_identification:_identify(scout_base) by extensions ['colcon_pkg']
[0.710s] Level 1:colcon.colcon_core.package_identification:_identify(scout_base) by extension 'colcon_pkg'
[0.710s] Level 1:colcon.colcon_core.package_identification:_identify(scout_base) by extensions ['colcon_meta']
[0.710s] Level 1:colcon.colcon_core.package_identification:_identify(scout_base) by extension 'colcon_meta'
[0.710s] Level 1:colcon.colcon_core.package_identification:_identify(scout_base) by extensions ['ros']
[0.710s] Level 1:colcon.colcon_core.package_identification:_identify(scout_base) by extension 'ros'
[0.711s] DEBUG:colcon.colcon_core.package_identification:Package 'scout_base' with type 'ros.ament_cmake' and name 'scout_base'
[0.712s] Level 1:colcon.colcon_core.package_identification:_identify(scout_description) by extensions ['ignore', 'ignore_ament_install']
[0.712s] Level 1:colcon.colcon_core.package_identification:_identify(scout_description) by extension 'ignore'
[0.712s] Level 1:colcon.colcon_core.package_identification:_identify(scout_description) by extension 'ignore_ament_install'
[0.712s] Level 1:colcon.colcon_core.package_identification:_identify(scout_description) by extensions ['colcon_pkg']
[0.712s] Level 1:colcon.colcon_core.package_identification:_identify(scout_description) by extension 'colcon_pkg'
[0.712s] Level 1:colcon.colcon_core.package_identification:_identify(scout_description) by extensions ['colcon_meta']
[0.712s] Level 1:colcon.colcon_core.package_identification:_identify(scout_description) by extension 'colcon_meta'
[0.712s] Level 1:colcon.colcon_core.package_identification:_identify(scout_description) by extensions ['ros']
[0.712s] Level 1:colcon.colcon_core.package_identification:_identify(scout_description) by extension 'ros'
[0.713s] DEBUG:colcon.colcon_core.package_identification:Package 'scout_description' with type 'ros.ament_cmake' and name 'scout_description'
[0.714s] Level 1:colcon.colcon_core.package_identification:_identify(scout_gazebo_sim) by extensions ['ignore', 'ignore_ament_install']
[0.714s] Level 1:colcon.colcon_core.package_identification:_identify(scout_gazebo_sim) by extension 'ignore'
[0.714s] Level 1:colcon.colcon_core.package_identification:_identify(scout_gazebo_sim) by extension 'ignore_ament_install'
[0.714s] Level 1:colcon.colcon_core.package_identification:_identify(scout_gazebo_sim) by extensions ['colcon_pkg']
[0.714s] Level 1:colcon.colcon_core.package_identification:_identify(scout_gazebo_sim) by extension 'colcon_pkg'
[0.714s] Level 1:colcon.colcon_core.package_identification:_identify(scout_gazebo_sim) by extensions ['colcon_meta']
[0.714s] Level 1:colcon.colcon_core.package_identification:_identify(scout_gazebo_sim) by extension 'colcon_meta'
[0.714s] Level 1:colcon.colcon_core.package_identification:_identify(scout_gazebo_sim) by extensions ['ros']
[0.714s] Level 1:colcon.colcon_core.package_identification:_identify(scout_gazebo_sim) by extension 'ros'
[0.716s] DEBUG:colcon.colcon_core.package_identification:Package 'scout_gazebo_sim' with type 'ros.ament_cmake' and name 'scout_gazebo_sim'
[0.716s] Level 1:colcon.colcon_core.package_identification:_identify(scout_mini_branch) by extensions ['ignore', 'ignore_ament_install']
[0.716s] Level 1:colcon.colcon_core.package_identification:_identify(scout_mini_branch) by extension 'ignore'
[0.716s] Level 1:colcon.colcon_core.package_identification:_identify(scout_mini_branch) by extension 'ignore_ament_install'
[0.716s] Level 1:colcon.colcon_core.package_identification:_identify(scout_mini_branch) by extensions ['colcon_pkg']
[0.716s] Level 1:colcon.colcon_core.package_identification:_identify(scout_mini_branch) by extension 'colcon_pkg'
[0.716s] Level 1:colcon.colcon_core.package_identification:_identify(scout_mini_branch) by extensions ['colcon_meta']
[0.716s] Level 1:colcon.colcon_core.package_identification:_identify(scout_mini_branch) by extension 'colcon_meta'
[0.716s] Level 1:colcon.colcon_core.package_identification:_identify(scout_mini_branch) by extensions ['ros']
[0.716s] Level 1:colcon.colcon_core.package_identification:_identify(scout_mini_branch) by extension 'ros'
[0.716s] Level 1:colcon.colcon_core.package_identification:_identify(scout_mini_branch) by extensions ['cmake', 'python']
[0.717s] Level 1:colcon.colcon_core.package_identification:_identify(scout_mini_branch) by extension 'cmake'
[0.717s] Level 1:colcon.colcon_core.package_identification:_identify(scout_mini_branch) by extension 'python'
[0.717s] Level 1:colcon.colcon_core.package_identification:_identify(scout_mini_branch) by extensions ['python_setup_py']
[0.717s] Level 1:colcon.colcon_core.package_identification:_identify(scout_mini_branch) by extension 'python_setup_py'
[0.717s] Level 1:colcon.colcon_core.package_identification:_identify(scout_mini_mpc) by extensions ['ignore', 'ignore_ament_install']
[0.717s] Level 1:colcon.colcon_core.package_identification:_identify(scout_mini_mpc) by extension 'ignore'
[0.717s] Level 1:colcon.colcon_core.package_identification:_identify(scout_mini_mpc) by extension 'ignore_ament_install'
[0.717s] Level 1:colcon.colcon_core.package_identification:_identify(scout_mini_mpc) by extensions ['colcon_pkg']
[0.717s] Level 1:colcon.colcon_core.package_identification:_identify(scout_mini_mpc) by extension 'colcon_pkg'
[0.717s] Level 1:colcon.colcon_core.package_identification:_identify(scout_mini_mpc) by extensions ['colcon_meta']
[0.717s] Level 1:colcon.colcon_core.package_identification:_identify(scout_mini_mpc) by extension 'colcon_meta'
[0.717s] Level 1:colcon.colcon_core.package_identification:_identify(scout_mini_mpc) by extensions ['ros']
[0.717s] Level 1:colcon.colcon_core.package_identification:_identify(scout_mini_mpc) by extension 'ros'
[0.718s] Level 1:colcon.colcon_core.package_identification:_identify(scout_mini_mpc) by extensions ['cmake', 'python']
[0.718s] Level 1:colcon.colcon_core.package_identification:_identify(scout_mini_mpc) by extension 'cmake'
[0.718s] Level 1:colcon.colcon_core.package_identification:_identify(scout_mini_mpc) by extension 'python'
[0.718s] Level 1:colcon.colcon_core.package_identification:_identify(scout_mini_mpc) by extensions ['python_setup_py']
[0.718s] Level 1:colcon.colcon_core.package_identification:_identify(scout_mini_mpc) by extension 'python_setup_py'
[0.718s] Level 1:colcon.colcon_core.package_identification:_identify(scout_msgs) by extensions ['ignore', 'ignore_ament_install']
[0.718s] Level 1:colcon.colcon_core.package_identification:_identify(scout_msgs) by extension 'ignore'
[0.718s] Level 1:colcon.colcon_core.package_identification:_identify(scout_msgs) by extension 'ignore_ament_install'
[0.718s] Level 1:colcon.colcon_core.package_identification:_identify(scout_msgs) by extensions ['colcon_pkg']
[0.718s] Level 1:colcon.colcon_core.package_identification:_identify(scout_msgs) by extension 'colcon_pkg'
[0.718s] Level 1:colcon.colcon_core.package_identification:_identify(scout_msgs) by extensions ['colcon_meta']
[0.718s] Level 1:colcon.colcon_core.package_identification:_identify(scout_msgs) by extension 'colcon_meta'
[0.718s] Level 1:colcon.colcon_core.package_identification:_identify(scout_msgs) by extensions ['ros']
[0.719s] Level 1:colcon.colcon_core.package_identification:_identify(scout_msgs) by extension 'ros'
[0.719s] DEBUG:colcon.colcon_core.package_identification:Package 'scout_msgs' with type 'ros.ament_cmake' and name 'scout_msgs'
[0.720s] Level 1:colcon.colcon_core.package_identification:_identify(scout_navigation) by extensions ['ignore', 'ignore_ament_install']
[0.720s] Level 1:colcon.colcon_core.package_identification:_identify(scout_navigation) by extension 'ignore'
[0.720s] Level 1:colcon.colcon_core.package_identification:_identify(scout_navigation) by extension 'ignore_ament_install'
[0.720s] Level 1:colcon.colcon_core.package_identification:_identify(scout_navigation) by extensions ['colcon_pkg']
[0.720s] Level 1:colcon.colcon_core.package_identification:_identify(scout_navigation) by extension 'colcon_pkg'
[0.720s] Level 1:colcon.colcon_core.package_identification:_identify(scout_navigation) by extensions ['colcon_meta']
[0.720s] Level 1:colcon.colcon_core.package_identification:_identify(scout_navigation) by extension 'colcon_meta'
[0.720s] Level 1:colcon.colcon_core.package_identification:_identify(scout_navigation) by extensions ['ros']
[0.720s] Level 1:colcon.colcon_core.package_identification:_identify(scout_navigation) by extension 'ros'
[0.721s] DEBUG:colcon.colcon_core.package_identification:Package 'scout_navigation' with type 'ros.ament_cmake' and name 'scout_navigation'
[0.721s] Level 1:colcon.colcon_core.package_identification:_identify(ugv_sdk) by extensions ['ignore', 'ignore_ament_install']
[0.721s] Level 1:colcon.colcon_core.package_identification:_identify(ugv_sdk) by extension 'ignore'
[0.721s] Level 1:colcon.colcon_core.package_identification:_identify(ugv_sdk) by extension 'ignore_ament_install'
[0.721s] Level 1:colcon.colcon_core.package_identification:_identify(ugv_sdk) by extensions ['colcon_pkg']
[0.721s] Level 1:colcon.colcon_core.package_identification:_identify(ugv_sdk) by extension 'colcon_pkg'
[0.722s] Level 1:colcon.colcon_core.package_identification:_identify(ugv_sdk) by extensions ['colcon_meta']
[0.722s] Level 1:colcon.colcon_core.package_identification:_identify(ugv_sdk) by extension 'colcon_meta'
[0.722s] Level 1:colcon.colcon_core.package_identification:_identify(ugv_sdk) by extensions ['ros']
[0.722s] Level 1:colcon.colcon_core.package_identification:_identify(ugv_sdk) by extension 'ros'
[0.722s] DEBUG:colcon.colcon_core.package_identification:Package 'ugv_sdk' with type 'ros.catkin' and name 'ugv_sdk'
[0.722s] Level 1:colcon.colcon_core.package_discovery:discover_packages(recursive) using defaults
[0.723s] Level 1:colcon.colcon_core.package_discovery:discover_packages(ignore) discover
[0.723s] Level 1:colcon.colcon_core.package_discovery:discover_packages(ignore) using defaults
[0.723s] Level 1:colcon.colcon_core.package_discovery:discover_packages(path) discover
[0.723s] Level 1:colcon.colcon_core.package_discovery:discover_packages(path) using defaults
[0.774s] INFO:colcon.colcon_core.package_selection:Skipping not selected package 'costmap_converter_msgs' in 'costmap_converter_msgs'
[0.774s] INFO:colcon.colcon_core.package_selection:Skipping not selected package 'costmap_test' in 'costmap_test'
[0.774s] INFO:colcon.colcon_core.package_selection:Skipping not selected package 'filters' in 'filters'
[0.774s] INFO:colcon.colcon_core.package_selection:Skipping not selected package 'nav2_costmap_2d' in 'nav2_costmap_2d'
[0.774s] INFO:colcon.colcon_core.package_selection:Skipping not selected package 'nmea_navsat_driver' in 'nmea_navsat_driver'
[0.774s] INFO:colcon.colcon_core.package_selection:Skipping not selected package 'rplidar_ros2' in 'rplidar_ros'
[0.774s] INFO:colcon.colcon_core.package_selection:Skipping not selected package 'scout_description' in 'scout_description'
[0.775s] INFO:colcon.colcon_core.package_selection:Skipping not selected package 'scout_gazebo_sim' in 'scout_gazebo_sim'
[0.775s] INFO:colcon.colcon_core.package_selection:Skipping not selected package 'scout_msgs' in 'scout_msgs'
[0.775s] INFO:colcon.colcon_core.package_selection:Skipping not selected package 'scout_navigation' in 'scout_navigation'
[0.775s] INFO:colcon.colcon_core.package_selection:Skipping not selected package 'ugv_sdk' in 'ugv_sdk'
[0.775s] INFO:colcon.colcon_core.package_selection:Skipping not selected package 'costmap_converter' in 'costmap_converter'
[0.775s] INFO:colcon.colcon_core.package_selection:Skipping not selected package 'laser_filters' in 'laser_filters'
[0.775s] INFO:colcon.colcon_core.package_selection:Skipping not selected package 'scout_base' in 'scout_base'
[0.775s] Level 1:colcon.colcon_core.package_discovery:discover_packages(prefix_path) check parameters
[0.775s] Level 1:colcon.colcon_core.package_discovery:discover_packages(prefix_path) discover
[0.780s] DEBUG:colcon.colcon_installed_package_information.package_discovery:Found 15 installed packages in /home/mario/scout_working/install
[0.782s] DEBUG:colcon.colcon_installed_package_information.package_discovery:Found 373 installed packages in /opt/ros/humble
[0.785s] Level 1:colcon.colcon_core.package_discovery:discover_packages(prefix_path) using defaults
[0.853s] Level 5:colcon.colcon_core.verb:set package 'nav2_custom_controller' build argument 'cmake_args' from command line to 'None'
[0.853s] Level 5:colcon.colcon_core.verb:set package 'nav2_custom_controller' build argument 'cmake_target' from command line to 'None'
[0.853s] Level 5:colcon.colcon_core.verb:set package 'nav2_custom_controller' build argument 'cmake_target_skip_unavailable' from command line to 'False'
[0.853s] Level 5:colcon.colcon_core.verb:set package 'nav2_custom_controller' build argument 'cmake_clean_cache' from command line to 'False'
[0.853s] Level 5:colcon.colcon_core.verb:set package 'nav2_custom_controller' build argument 'cmake_clean_first' from command line to 'False'
[0.853s] Level 5:colcon.colcon_core.verb:set package 'nav2_custom_controller' build argument 'cmake_force_configure' from command line to 'False'
[0.853s] Level 5:colcon.colcon_core.verb:set package 'nav2_custom_controller' build argument 'ament_cmake_args' from command line to 'None'
[0.853s] Level 5:colcon.colcon_core.verb:set package 'nav2_custom_controller' build argument 'catkin_cmake_args' from command line to 'None'
[0.853s] Level 5:colcon.colcon_core.verb:set package 'nav2_custom_controller' build argument 'catkin_skip_building_tests' from command line to 'False'
[0.853s] DEBUG:colcon.colcon_core.verb:Building package 'nav2_custom_controller' with the following arguments: {'ament_cmake_args': None, 'build_base': '/home/mario/scout_working/src/build/nav2_custom_controller', 'catkin_cmake_args': None, 'catkin_skip_building_tests': False, 'cmake_args': None, 'cmake_clean_cache': False, 'cmake_clean_first': False, 'cmake_force_configure': False, 'cmake_target': None, 'cmake_target_skip_unavailable': False, 'install_base': '/home/mario/scout_working/src/install/nav2_custom_controller', 'merge_install': False, 'path': '/home/mario/scout_working/src/nav2_custom_controller', 'symlink_install': False, 'test_result_base': None}
[0.853s] INFO:colcon.colcon_core.executor:Executing jobs using 'parallel' executor
[0.854s] DEBUG:colcon.colcon_parallel_executor.executor.parallel:run_until_complete
[0.855s] INFO:colcon.colcon_ros.task.ament_cmake.build:Building ROS package in '/home/mario/scout_working/src/nav2_custom_controller' with build type 'ament_cmake'
[0.855s] INFO:colcon.colcon_cmake.task.cmake.build:Building CMake package in '/home/mario/scout_working/src/nav2_custom_controller'
[0.861s] INFO:colcon.colcon_core.plugin_system:Skipping extension 'colcon_core.shell.bat': Not used on non-Windows systems
[0.862s] INFO:colcon.colcon_core.shell:Skip shell extension 'powershell' for command environment: Not usable outside of PowerShell
[0.862s] DEBUG:colcon.colcon_core.shell:Skip shell extension 'dsv' for command environment
[0.866s] WARNING:colcon.colcon_core.shell:The following packages are in the workspace but haven't been built:
- nav2_costmap_2d
They are being used from the following locations instead:
- /home/mario/scout_working/install/nav2_costmap_2d
To suppress this warning ignore these packages in the workspace:
--packages-ignore nav2_costmap_2d
[0.874s] DEBUG:colcon.colcon_core.event_handler.log_command:Invoking command in '/home/mario/scout_working/src/build/nav2_custom_controller': CMAKE_PREFIX_PATH=/home/mario/scout_working/install/scout_base:/home/mario/scout_working/install/nmea_navsat_driver:/opt/ros/humble:/home/mario/scout_working/install/ugv_sdk:/home/mario/scout_working/install/scout_navigation:/home/mario/scout_working/install/scout_msgs:/home/mario/scout_working/install/scout_gazebo_sim:/home/mario/scout_working/install/scout_description:/home/mario/scout_working/install/rplidar_ros2:/home/mario/scout_working/install/nav2_custom_controller:/home/mario/scout_working/install/costmap_converter:/home/mario/scout_working/install/nav2_costmap_2d:/home/mario/scout_working/install/laser_filters:/home/mario/scout_working/install/filters:/home/mario/scout_working/install/costmap_converter_msgs /usr/bin/cmake /home/mario/scout_working/src/nav2_custom_controller -DCMAKE_INSTALL_PREFIX=/home/mario/scout_working/src/install/nav2_custom_controller
[20.714s] DEBUG:colcon.colcon_core.event_handler.log_command:Invoked command in '/home/mario/scout_working/src/build/nav2_custom_controller' returned '0': CMAKE_PREFIX_PATH=/home/mario/scout_working/install/scout_base:/home/mario/scout_working/install/nmea_navsat_driver:/opt/ros/humble:/home/mario/scout_working/install/ugv_sdk:/home/mario/scout_working/install/scout_navigation:/home/mario/scout_working/install/scout_msgs:/home/mario/scout_working/install/scout_gazebo_sim:/home/mario/scout_working/install/scout_description:/home/mario/scout_working/install/rplidar_ros2:/home/mario/scout_working/install/nav2_custom_controller:/home/mario/scout_working/install/costmap_converter:/home/mario/scout_working/install/nav2_costmap_2d:/home/mario/scout_working/install/laser_filters:/home/mario/scout_working/install/filters:/home/mario/scout_working/install/costmap_converter_msgs /usr/bin/cmake /home/mario/scout_working/src/nav2_custom_controller -DCMAKE_INSTALL_PREFIX=/home/mario/scout_working/src/install/nav2_custom_controller
[20.717s] DEBUG:colcon.colcon_core.event_handler.log_command:Invoking command in '/home/mario/scout_working/src/build/nav2_custom_controller': CMAKE_PREFIX_PATH=/home/mario/scout_working/install/scout_base:/home/mario/scout_working/install/nmea_navsat_driver:/opt/ros/humble:/home/mario/scout_working/install/ugv_sdk:/home/mario/scout_working/install/scout_navigation:/home/mario/scout_working/install/scout_msgs:/home/mario/scout_working/install/scout_gazebo_sim:/home/mario/scout_working/install/scout_description:/home/mario/scout_working/install/rplidar_ros2:/home/mario/scout_working/install/nav2_custom_controller:/home/mario/scout_working/install/costmap_converter:/home/mario/scout_working/install/nav2_costmap_2d:/home/mario/scout_working/install/laser_filters:/home/mario/scout_working/install/filters:/home/mario/scout_working/install/costmap_converter_msgs /usr/bin/cmake --build /home/mario/scout_working/src/build/nav2_custom_controller -- -j4 -l4
[49.051s] DEBUG:colcon.colcon_core.event_handler.log_command:Invoked command in '/home/mario/scout_working/src/build/nav2_custom_controller' returned '2': CMAKE_PREFIX_PATH=/home/mario/scout_working/install/scout_base:/home/mario/scout_working/install/nmea_navsat_driver:/opt/ros/humble:/home/mario/scout_working/install/ugv_sdk:/home/mario/scout_working/install/scout_navigation:/home/mario/scout_working/install/scout_msgs:/home/mario/scout_working/install/scout_gazebo_sim:/home/mario/scout_working/install/scout_description:/home/mario/scout_working/install/rplidar_ros2:/home/mario/scout_working/install/nav2_custom_controller:/home/mario/scout_working/install/costmap_converter:/home/mario/scout_working/install/nav2_costmap_2d:/home/mario/scout_working/install/laser_filters:/home/mario/scout_working/install/filters:/home/mario/scout_working/install/costmap_converter_msgs /usr/bin/cmake --build /home/mario/scout_working/src/build/nav2_custom_controller -- -j4 -l4
[49.095s] Level 1:colcon.colcon_core.environment:create_environment_scripts_only(nav2_custom_controller)
[49.103s] Level 1:colcon.colcon_core.environment:checking '/home/mario/scout_working/src/install/nav2_custom_controller' for CMake module files
[49.103s] Level 1:colcon.colcon_core.environment:checking '/home/mario/scout_working/src/install/nav2_custom_controller' for CMake config files
[49.104s] Level 1:colcon.colcon_core.environment:checking '/home/mario/scout_working/src/install/nav2_custom_controller/bin'
[49.104s] Level 1:colcon.colcon_core.environment:checking '/home/mario/scout_working/src/install/nav2_custom_controller/lib/pkgconfig/nav2_custom_controller.pc'
[49.104s] Level 1:colcon.colcon_core.environment:checking '/home/mario/scout_working/src/install/nav2_custom_controller/lib/python3.10/site-packages'
[49.104s] Level 1:colcon.colcon_core.environment:checking '/home/mario/scout_working/src/install/nav2_custom_controller/bin'
[49.105s] INFO:colcon.colcon_core.shell:Creating package script '/home/mario/scout_working/src/install/nav2_custom_controller/share/nav2_custom_controller/package.ps1'
[49.106s] INFO:colcon.colcon_core.shell:Creating package descriptor '/home/mario/scout_working/src/install/nav2_custom_controller/share/nav2_custom_controller/package.dsv'
[49.107s] INFO:colcon.colcon_core.shell:Creating package script '/home/mario/scout_working/src/install/nav2_custom_controller/share/nav2_custom_controller/package.sh'
[49.109s] INFO:colcon.colcon_core.shell:Creating package script '/home/mario/scout_working/src/install/nav2_custom_controller/share/nav2_custom_controller/package.bash'
[49.110s] INFO:colcon.colcon_core.shell:Creating package script '/home/mario/scout_working/src/install/nav2_custom_controller/share/nav2_custom_controller/package.zsh'
[49.111s] Level 1:colcon.colcon_core.environment:create_file_with_runtime_dependencies(/home/mario/scout_working/src/install/nav2_custom_controller/share/colcon-core/packages/nav2_custom_controller)
[49.122s] DEBUG:colcon.colcon_parallel_executor.executor.parallel:closing loop
[49.122s] DEBUG:colcon.colcon_parallel_executor.executor.parallel:loop closed
[49.122s] DEBUG:colcon.colcon_parallel_executor.executor.parallel:run_until_complete finished with '2'
[49.123s] DEBUG:colcon.colcon_core.event_reactor:joining thread
[49.134s] INFO:colcon.colcon_core.plugin_system:Skipping extension 'colcon_notification.desktop_notification.terminal_notifier': Not used on non-Darwin systems
[49.134s] INFO:colcon.colcon_core.plugin_system:Skipping extension 'colcon_notification.desktop_notification.win32': Not used on non-Windows systems
[49.134s] INFO:colcon.colcon_notification.desktop_notification:Sending desktop notification using 'notify2'
[49.156s] DEBUG:colcon.colcon_core.event_reactor:joined thread
[49.156s] INFO:colcon.colcon_core.shell:Creating prefix script '/home/mario/scout_working/src/install/local_setup.ps1'
[49.158s] INFO:colcon.colcon_core.shell:Creating prefix util module '/home/mario/scout_working/src/install/_local_setup_util_ps1.py'
[49.160s] INFO:colcon.colcon_core.shell:Creating prefix chain script '/home/mario/scout_working/src/install/setup.ps1'
[49.162s] INFO:colcon.colcon_core.shell:Creating prefix script '/home/mario/scout_working/src/install/local_setup.sh'
[49.163s] INFO:colcon.colcon_core.shell:Creating prefix util module '/home/mario/scout_working/src/install/_local_setup_util_sh.py'
[49.163s] INFO:colcon.colcon_core.shell:Creating prefix chain script '/home/mario/scout_working/src/install/setup.sh'
[49.165s] INFO:colcon.colcon_core.shell:Creating prefix script '/home/mario/scout_working/src/install/local_setup.bash'
[49.166s] INFO:colcon.colcon_core.shell:Creating prefix chain script '/home/mario/scout_working/src/install/setup.bash'
[49.168s] INFO:colcon.colcon_core.shell:Creating prefix script '/home/mario/scout_working/src/install/local_setup.zsh'
[49.169s] INFO:colcon.colcon_core.shell:Creating prefix chain script '/home/mario/scout_working/src/install/setup.zsh'
