[0.370s] DEBUG:colcon:Command line arguments: ['/usr/bin/colcon', 'build', '--packages-select', 'scout-navigation']
[0.371s] DEBUG:colcon:Parsed command line arguments: Namespace(log_base=None, log_level=None, verb_name='build', build_base='build', install_base='install', merge_install=False, symlink_install=False, test_result_base=None, continue_on_error=False, executor='parallel', parallel_workers=4, event_handlers=None, ignore_user_meta=False, metas=['./colcon.meta'], base_paths=['.'], packages_ignore=None, packages_ignore_regex=None, paths=None, packages_up_to=None, packages_up_to_regex=None, packages_above=None, packages_above_and_dependencies=None, packages_above_depth=None, packages_select_by_dep=None, packages_skip_by_dep=None, packages_skip_up_to=None, packages_select_build_failed=False, packages_skip_build_finished=False, packages_select_test_failures=False, packages_skip_test_passed=False, packages_select=['scout-navigation'], packages_skip=None, packages_select_regex=None, packages_skip_regex=None, packages_start=None, packages_end=None, allow_overriding=[], cmake_args=None, cmake_target=None, cmake_target_skip_unavailable=False, cmake_clean_cache=False, cmake_clean_first=False, cmake_force_configure=False, ament_cmake_args=None, catkin_cmake_args=None, catkin_skip_building_tests=False, verb_parser=<colcon_defaults.argument_parser.defaults.DefaultArgumentsDecorator object at 0x76380d33ccd0>, verb_extension=<colcon_core.verb.build.BuildVerb object at 0x76380d4aa5f0>, main=<bound method BuildVerb.main of <colcon_core.verb.build.BuildVerb object at 0x76380d4aa5f0>>)
[0.747s] Level 1:colcon.colcon_core.package_discovery:discover_packages(colcon_meta) check parameters
[0.747s] Level 1:colcon.colcon_core.package_discovery:discover_packages(recursive) check parameters
[0.748s] Level 1:colcon.colcon_core.package_discovery:discover_packages(ignore) check parameters
[0.748s] Level 1:colcon.colcon_core.package_discovery:discover_packages(path) check parameters
[0.748s] Level 1:colcon.colcon_core.package_discovery:discover_packages(colcon_meta) discover
[0.748s] Level 1:colcon.colcon_core.package_discovery:discover_packages(recursive) discover
[0.748s] INFO:colcon.colcon_core.package_discovery:Crawling recursively for packages in '/home/mario/scout_working/src'
[0.748s] Level 1:colcon.colcon_core.package_identification:_identify(.) by extensions ['ignore', 'ignore_ament_install']
[0.748s] Level 1:colcon.colcon_core.package_identification:_identify(.) by extension 'ignore'
[0.748s] Level 1:colcon.colcon_core.package_identification:_identify(.) by extension 'ignore_ament_install'
[0.748s] Level 1:colcon.colcon_core.package_identification:_identify(.) by extensions ['colcon_pkg']
[0.748s] Level 1:colcon.colcon_core.package_identification:_identify(.) by extension 'colcon_pkg'
[0.748s] Level 1:colcon.colcon_core.package_identification:_identify(.) by extensions ['colcon_meta']
[0.748s] Level 1:colcon.colcon_core.package_identification:_identify(.) by extension 'colcon_meta'
[0.748s] Level 1:colcon.colcon_core.package_identification:_identify(.) by extensions ['ros']
[0.748s] Level 1:colcon.colcon_core.package_identification:_identify(.) by extension 'ros'
[0.762s] Level 1:colcon.colcon_core.package_identification:_identify(.) by extensions ['cmake', 'python']
[0.762s] Level 1:colcon.colcon_core.package_identification:_identify(.) by extension 'cmake'
[0.762s] Level 1:colcon.colcon_core.package_identification:_identify(.) by extension 'python'
[0.762s] Level 1:colcon.colcon_core.package_identification:_identify(.) by extensions ['python_setup_py']
[0.762s] Level 1:colcon.colcon_core.package_identification:_identify(.) by extension 'python_setup_py'
[0.762s] Level 1:colcon.colcon_core.package_identification:_identify(build) by extensions ['ignore', 'ignore_ament_install']
[0.762s] Level 1:colcon.colcon_core.package_identification:_identify(build) by extension 'ignore'
[0.763s] Level 1:colcon.colcon_core.package_identification:_identify(build) ignored
[0.763s] Level 1:colcon.colcon_core.package_identification:_identify(costmap_converter) by extensions ['ignore', 'ignore_ament_install']
[0.763s] Level 1:colcon.colcon_core.package_identification:_identify(costmap_converter) by extension 'ignore'
[0.763s] Level 1:colcon.colcon_core.package_identification:_identify(costmap_converter) by extension 'ignore_ament_install'
[0.763s] Level 1:colcon.colcon_core.package_identification:_identify(costmap_converter) by extensions ['colcon_pkg']
[0.763s] Level 1:colcon.colcon_core.package_identification:_identify(costmap_converter) by extension 'colcon_pkg'
[0.763s] Level 1:colcon.colcon_core.package_identification:_identify(costmap_converter) by extensions ['colcon_meta']
[0.763s] Level 1:colcon.colcon_core.package_identification:_identify(costmap_converter) by extension 'colcon_meta'
[0.763s] Level 1:colcon.colcon_core.package_identification:_identify(costmap_converter) by extensions ['ros']
[0.763s] Level 1:colcon.colcon_core.package_identification:_identify(costmap_converter) by extension 'ros'
[0.767s] DEBUG:colcon.colcon_core.package_identification:Package 'costmap_converter' with type 'ros.ament_cmake' and name 'costmap_converter'
[0.767s] Level 1:colcon.colcon_core.package_identification:_identify(costmap_converter_msgs) by extensions ['ignore', 'ignore_ament_install']
[0.767s] Level 1:colcon.colcon_core.package_identification:_identify(costmap_converter_msgs) by extension 'ignore'
[0.767s] Level 1:colcon.colcon_core.package_identification:_identify(costmap_converter_msgs) by extension 'ignore_ament_install'
[0.767s] Level 1:colcon.colcon_core.package_identification:_identify(costmap_converter_msgs) by extensions ['colcon_pkg']
[0.767s] Level 1:colcon.colcon_core.package_identification:_identify(costmap_converter_msgs) by extension 'colcon_pkg'
[0.767s] Level 1:colcon.colcon_core.package_identification:_identify(costmap_converter_msgs) by extensions ['colcon_meta']
[0.767s] Level 1:colcon.colcon_core.package_identification:_identify(costmap_converter_msgs) by extension 'colcon_meta'
[0.767s] Level 1:colcon.colcon_core.package_identification:_identify(costmap_converter_msgs) by extensions ['ros']
[0.767s] Level 1:colcon.colcon_core.package_identification:_identify(costmap_converter_msgs) by extension 'ros'
[0.768s] DEBUG:colcon.colcon_core.package_identification:Package 'costmap_converter_msgs' with type 'ros.ament_cmake' and name 'costmap_converter_msgs'
[0.769s] Level 1:colcon.colcon_core.package_identification:_identify(costmap_test) by extensions ['ignore', 'ignore_ament_install']
[0.769s] Level 1:colcon.colcon_core.package_identification:_identify(costmap_test) by extension 'ignore'
[0.769s] Level 1:colcon.colcon_core.package_identification:_identify(costmap_test) by extension 'ignore_ament_install'
[0.769s] Level 1:colcon.colcon_core.package_identification:_identify(costmap_test) by extensions ['colcon_pkg']
[0.769s] Level 1:colcon.colcon_core.package_identification:_identify(costmap_test) by extension 'colcon_pkg'
[0.769s] Level 1:colcon.colcon_core.package_identification:_identify(costmap_test) by extensions ['colcon_meta']
[0.769s] Level 1:colcon.colcon_core.package_identification:_identify(costmap_test) by extension 'colcon_meta'
[0.769s] Level 1:colcon.colcon_core.package_identification:_identify(costmap_test) by extensions ['ros']
[0.769s] Level 1:colcon.colcon_core.package_identification:_identify(costmap_test) by extension 'ros'
[0.770s] DEBUG:colcon.colcon_core.package_identification:Package 'costmap_test' with type 'ros.ament_cmake' and name 'costmap_test'
[0.770s] Level 1:colcon.colcon_core.package_identification:_identify(filters) by extensions ['ignore', 'ignore_ament_install']
[0.770s] Level 1:colcon.colcon_core.package_identification:_identify(filters) by extension 'ignore'
[0.771s] Level 1:colcon.colcon_core.package_identification:_identify(filters) by extension 'ignore_ament_install'
[0.771s] Level 1:colcon.colcon_core.package_identification:_identify(filters) by extensions ['colcon_pkg']
[0.771s] Level 1:colcon.colcon_core.package_identification:_identify(filters) by extension 'colcon_pkg'
[0.771s] Level 1:colcon.colcon_core.package_identification:_identify(filters) by extensions ['colcon_meta']
[0.771s] Level 1:colcon.colcon_core.package_identification:_identify(filters) by extension 'colcon_meta'
[0.771s] Level 1:colcon.colcon_core.package_identification:_identify(filters) by extensions ['ros']
[0.771s] Level 1:colcon.colcon_core.package_identification:_identify(filters) by extension 'ros'
[0.772s] DEBUG:colcon.colcon_core.package_identification:Package 'filters' with type 'ros.ament_cmake' and name 'filters'
[0.772s] Level 1:colcon.colcon_core.package_identification:_identify(install) by extensions ['ignore', 'ignore_ament_install']
[0.772s] Level 1:colcon.colcon_core.package_identification:_identify(install) by extension 'ignore'
[0.772s] Level 1:colcon.colcon_core.package_identification:_identify(install) ignored
[0.773s] Level 1:colcon.colcon_core.package_identification:_identify(laser_filters) by extensions ['ignore', 'ignore_ament_install']
[0.773s] Level 1:colcon.colcon_core.package_identification:_identify(laser_filters) by extension 'ignore'
[0.773s] Level 1:colcon.colcon_core.package_identification:_identify(laser_filters) by extension 'ignore_ament_install'
[0.773s] Level 1:colcon.colcon_core.package_identification:_identify(laser_filters) by extensions ['colcon_pkg']
[0.773s] Level 1:colcon.colcon_core.package_identification:_identify(laser_filters) by extension 'colcon_pkg'
[0.773s] Level 1:colcon.colcon_core.package_identification:_identify(laser_filters) by extensions ['colcon_meta']
[0.773s] Level 1:colcon.colcon_core.package_identification:_identify(laser_filters) by extension 'colcon_meta'
[0.773s] Level 1:colcon.colcon_core.package_identification:_identify(laser_filters) by extensions ['ros']
[0.773s] Level 1:colcon.colcon_core.package_identification:_identify(laser_filters) by extension 'ros'
[0.774s] DEBUG:colcon.colcon_core.package_identification:Package 'laser_filters' with type 'ros.ament_cmake' and name 'laser_filters'
[0.775s] Level 1:colcon.colcon_core.package_identification:_identify(log) by extensions ['ignore', 'ignore_ament_install']
[0.775s] Level 1:colcon.colcon_core.package_identification:_identify(log) by extension 'ignore'
[0.775s] Level 1:colcon.colcon_core.package_identification:_identify(log) ignored
[0.775s] Level 1:colcon.colcon_core.package_identification:_identify(nav2_costmap_2d) by extensions ['ignore', 'ignore_ament_install']
[0.775s] Level 1:colcon.colcon_core.package_identification:_identify(nav2_costmap_2d) by extension 'ignore'
[0.775s] Level 1:colcon.colcon_core.package_identification:_identify(nav2_costmap_2d) by extension 'ignore_ament_install'
[0.775s] Level 1:colcon.colcon_core.package_identification:_identify(nav2_costmap_2d) by extensions ['colcon_pkg']
[0.775s] Level 1:colcon.colcon_core.package_identification:_identify(nav2_costmap_2d) by extension 'colcon_pkg'
[0.775s] Level 1:colcon.colcon_core.package_identification:_identify(nav2_costmap_2d) by extensions ['colcon_meta']
[0.775s] Level 1:colcon.colcon_core.package_identification:_identify(nav2_costmap_2d) by extension 'colcon_meta'
[0.775s] Level 1:colcon.colcon_core.package_identification:_identify(nav2_costmap_2d) by extensions ['ros']
[0.775s] Level 1:colcon.colcon_core.package_identification:_identify(nav2_costmap_2d) by extension 'ros'
[0.778s] DEBUG:colcon.colcon_core.package_identification:Package 'nav2_costmap_2d' with type 'ros.ament_cmake' and name 'nav2_costmap_2d'
[0.778s] Level 1:colcon.colcon_core.package_identification:_identify(nav2_custom_controller) by extensions ['ignore', 'ignore_ament_install']
[0.778s] Level 1:colcon.colcon_core.package_identification:_identify(nav2_custom_controller) by extension 'ignore'
[0.778s] Level 1:colcon.colcon_core.package_identification:_identify(nav2_custom_controller) by extension 'ignore_ament_install'
[0.778s] Level 1:colcon.colcon_core.package_identification:_identify(nav2_custom_controller) by extensions ['colcon_pkg']
[0.779s] Level 1:colcon.colcon_core.package_identification:_identify(nav2_custom_controller) by extension 'colcon_pkg'
[0.779s] Level 1:colcon.colcon_core.package_identification:_identify(nav2_custom_controller) by extensions ['colcon_meta']
[0.779s] Level 1:colcon.colcon_core.package_identification:_identify(nav2_custom_controller) by extension 'colcon_meta'
[0.779s] Level 1:colcon.colcon_core.package_identification:_identify(nav2_custom_controller) by extensions ['ros']
[0.779s] Level 1:colcon.colcon_core.package_identification:_identify(nav2_custom_controller) by extension 'ros'
[0.780s] DEBUG:colcon.colcon_core.package_identification:Package 'nav2_custom_controller' with type 'ros.ament_cmake' and name 'nav2_custom_controller'
[0.780s] Level 1:colcon.colcon_core.package_identification:_identify(nmea_navsat_driver) by extensions ['ignore', 'ignore_ament_install']
[0.780s] Level 1:colcon.colcon_core.package_identification:_identify(nmea_navsat_driver) by extension 'ignore'
[0.780s] Level 1:colcon.colcon_core.package_identification:_identify(nmea_navsat_driver) by extension 'ignore_ament_install'
[0.781s] Level 1:colcon.colcon_core.package_identification:_identify(nmea_navsat_driver) by extensions ['colcon_pkg']
[0.781s] Level 1:colcon.colcon_core.package_identification:_identify(nmea_navsat_driver) by extension 'colcon_pkg'
[0.781s] Level 1:colcon.colcon_core.package_identification:_identify(nmea_navsat_driver) by extensions ['colcon_meta']
[0.781s] Level 1:colcon.colcon_core.package_identification:_identify(nmea_navsat_driver) by extension 'colcon_meta'
[0.781s] Level 1:colcon.colcon_core.package_identification:_identify(nmea_navsat_driver) by extensions ['ros']
[0.781s] Level 1:colcon.colcon_core.package_identification:_identify(nmea_navsat_driver) by extension 'ros'
[0.782s] DEBUG:colcon.colcon_core.package_identification:Package 'nmea_navsat_driver' with type 'ros.ament_python' and name 'nmea_navsat_driver'
[0.782s] Level 1:colcon.colcon_core.package_identification:_identify(rplidar_ros) by extensions ['ignore', 'ignore_ament_install']
[0.782s] Level 1:colcon.colcon_core.package_identification:_identify(rplidar_ros) by extension 'ignore'
[0.782s] Level 1:colcon.colcon_core.package_identification:_identify(rplidar_ros) by extension 'ignore_ament_install'
[0.782s] Level 1:colcon.colcon_core.package_identification:_identify(rplidar_ros) by extensions ['colcon_pkg']
[0.782s] Level 1:colcon.colcon_core.package_identification:_identify(rplidar_ros) by extension 'colcon_pkg'
[0.782s] Level 1:colcon.colcon_core.package_identification:_identify(rplidar_ros) by extensions ['colcon_meta']
[0.782s] Level 1:colcon.colcon_core.package_identification:_identify(rplidar_ros) by extension 'colcon_meta'
[0.782s] Level 1:colcon.colcon_core.package_identification:_identify(rplidar_ros) by extensions ['ros']
[0.782s] Level 1:colcon.colcon_core.package_identification:_identify(rplidar_ros) by extension 'ros'
[0.783s] DEBUG:colcon.colcon_core.package_identification:Package 'rplidar_ros' with type 'ros.ament_cmake' and name 'rplidar_ros2'
[0.783s] Level 1:colcon.colcon_core.package_identification:_identify(scout-navigation) by extensions ['ignore', 'ignore_ament_install']
[0.784s] Level 1:colcon.colcon_core.package_identification:_identify(scout-navigation) by extension 'ignore'
[0.784s] Level 1:colcon.colcon_core.package_identification:_identify(scout-navigation) by extension 'ignore_ament_install'
[0.784s] Level 1:colcon.colcon_core.package_identification:_identify(scout-navigation) by extensions ['colcon_pkg']
[0.784s] Level 1:colcon.colcon_core.package_identification:_identify(scout-navigation) by extension 'colcon_pkg'
[0.784s] Level 1:colcon.colcon_core.package_identification:_identify(scout-navigation) by extensions ['colcon_meta']
[0.784s] Level 1:colcon.colcon_core.package_identification:_identify(scout-navigation) by extension 'colcon_meta'
[0.784s] Level 1:colcon.colcon_core.package_identification:_identify(scout-navigation) by extensions ['ros']
[0.784s] Level 1:colcon.colcon_core.package_identification:_identify(scout-navigation) by extension 'ros'
[0.785s] DEBUG:colcon.colcon_core.package_identification:Package 'scout-navigation' with type 'ros.ament_cmake' and name 'scout_navigation'
[0.785s] Level 1:colcon.colcon_core.package_identification:_identify(scout_base) by extensions ['ignore', 'ignore_ament_install']
[0.785s] Level 1:colcon.colcon_core.package_identification:_identify(scout_base) by extension 'ignore'
[0.785s] Level 1:colcon.colcon_core.package_identification:_identify(scout_base) by extension 'ignore_ament_install'
[0.785s] Level 1:colcon.colcon_core.package_identification:_identify(scout_base) by extensions ['colcon_pkg']
[0.785s] Level 1:colcon.colcon_core.package_identification:_identify(scout_base) by extension 'colcon_pkg'
[0.785s] Level 1:colcon.colcon_core.package_identification:_identify(scout_base) by extensions ['colcon_meta']
[0.785s] Level 1:colcon.colcon_core.package_identification:_identify(scout_base) by extension 'colcon_meta'
[0.785s] Level 1:colcon.colcon_core.package_identification:_identify(scout_base) by extensions ['ros']
[0.785s] Level 1:colcon.colcon_core.package_identification:_identify(scout_base) by extension 'ros'
[0.787s] DEBUG:colcon.colcon_core.package_identification:Package 'scout_base' with type 'ros.ament_cmake' and name 'scout_base'
[0.787s] Level 1:colcon.colcon_core.package_identification:_identify(scout_cartographer) by extensions ['ignore', 'ignore_ament_install']
[0.787s] Level 1:colcon.colcon_core.package_identification:_identify(scout_cartographer) by extension 'ignore'
[0.787s] Level 1:colcon.colcon_core.package_identification:_identify(scout_cartographer) by extension 'ignore_ament_install'
[0.787s] Level 1:colcon.colcon_core.package_identification:_identify(scout_cartographer) by extensions ['colcon_pkg']
[0.787s] Level 1:colcon.colcon_core.package_identification:_identify(scout_cartographer) by extension 'colcon_pkg'
[0.787s] Level 1:colcon.colcon_core.package_identification:_identify(scout_cartographer) by extensions ['colcon_meta']
[0.787s] Level 1:colcon.colcon_core.package_identification:_identify(scout_cartographer) by extension 'colcon_meta'
[0.787s] Level 1:colcon.colcon_core.package_identification:_identify(scout_cartographer) by extensions ['ros']
[0.787s] Level 1:colcon.colcon_core.package_identification:_identify(scout_cartographer) by extension 'ros'
[0.788s] DEBUG:colcon.colcon_core.package_identification:Package 'scout_cartographer' with type 'ros.ament_cmake' and name 'scout_cartographer'
[0.788s] Level 1:colcon.colcon_core.package_identification:_identify(scout_description) by extensions ['ignore', 'ignore_ament_install']
[0.788s] Level 1:colcon.colcon_core.package_identification:_identify(scout_description) by extension 'ignore'
[0.788s] Level 1:colcon.colcon_core.package_identification:_identify(scout_description) by extension 'ignore_ament_install'
[0.788s] Level 1:colcon.colcon_core.package_identification:_identify(scout_description) by extensions ['colcon_pkg']
[0.788s] Level 1:colcon.colcon_core.package_identification:_identify(scout_description) by extension 'colcon_pkg'
[0.788s] Level 1:colcon.colcon_core.package_identification:_identify(scout_description) by extensions ['colcon_meta']
[0.788s] Level 1:colcon.colcon_core.package_identification:_identify(scout_description) by extension 'colcon_meta'
[0.788s] Level 1:colcon.colcon_core.package_identification:_identify(scout_description) by extensions ['ros']
[0.788s] Level 1:colcon.colcon_core.package_identification:_identify(scout_description) by extension 'ros'
[0.790s] DEBUG:colcon.colcon_core.package_identification:Package 'scout_description' with type 'ros.ament_cmake' and name 'scout_description'
[0.790s] Level 1:colcon.colcon_core.package_identification:_identify(scout_gazebo_sim) by extensions ['ignore', 'ignore_ament_install']
[0.790s] Level 1:colcon.colcon_core.package_identification:_identify(scout_gazebo_sim) by extension 'ignore'
[0.790s] Level 1:colcon.colcon_core.package_identification:_identify(scout_gazebo_sim) by extension 'ignore_ament_install'
[0.790s] Level 1:colcon.colcon_core.package_identification:_identify(scout_gazebo_sim) by extensions ['colcon_pkg']
[0.790s] Level 1:colcon.colcon_core.package_identification:_identify(scout_gazebo_sim) by extension 'colcon_pkg'
[0.790s] Level 1:colcon.colcon_core.package_identification:_identify(scout_gazebo_sim) by extensions ['colcon_meta']
[0.790s] Level 1:colcon.colcon_core.package_identification:_identify(scout_gazebo_sim) by extension 'colcon_meta'
[0.790s] Level 1:colcon.colcon_core.package_identification:_identify(scout_gazebo_sim) by extensions ['ros']
[0.790s] Level 1:colcon.colcon_core.package_identification:_identify(scout_gazebo_sim) by extension 'ros'
[0.791s] DEBUG:colcon.colcon_core.package_identification:Package 'scout_gazebo_sim' with type 'ros.ament_cmake' and name 'scout_gazebo_sim'
[0.792s] Level 1:colcon.colcon_core.package_identification:_identify(scout_mini_branch) by extensions ['ignore', 'ignore_ament_install']
[0.792s] Level 1:colcon.colcon_core.package_identification:_identify(scout_mini_branch) by extension 'ignore'
[0.792s] Level 1:colcon.colcon_core.package_identification:_identify(scout_mini_branch) by extension 'ignore_ament_install'
[0.792s] Level 1:colcon.colcon_core.package_identification:_identify(scout_mini_branch) by extensions ['colcon_pkg']
[0.792s] Level 1:colcon.colcon_core.package_identification:_identify(scout_mini_branch) by extension 'colcon_pkg'
[0.792s] Level 1:colcon.colcon_core.package_identification:_identify(scout_mini_branch) by extensions ['colcon_meta']
[0.792s] Level 1:colcon.colcon_core.package_identification:_identify(scout_mini_branch) by extension 'colcon_meta'
[0.792s] Level 1:colcon.colcon_core.package_identification:_identify(scout_mini_branch) by extensions ['ros']
[0.792s] Level 1:colcon.colcon_core.package_identification:_identify(scout_mini_branch) by extension 'ros'
[0.792s] Level 1:colcon.colcon_core.package_identification:_identify(scout_mini_branch) by extensions ['cmake', 'python']
[0.792s] Level 1:colcon.colcon_core.package_identification:_identify(scout_mini_branch) by extension 'cmake'
[0.792s] Level 1:colcon.colcon_core.package_identification:_identify(scout_mini_branch) by extension 'python'
[0.792s] Level 1:colcon.colcon_core.package_identification:_identify(scout_mini_branch) by extensions ['python_setup_py']
[0.792s] Level 1:colcon.colcon_core.package_identification:_identify(scout_mini_branch) by extension 'python_setup_py'
[0.792s] Level 1:colcon.colcon_core.package_identification:_identify(scout_mini_mpc) by extensions ['ignore', 'ignore_ament_install']
[0.793s] Level 1:colcon.colcon_core.package_identification:_identify(scout_mini_mpc) by extension 'ignore'
[0.793s] Level 1:colcon.colcon_core.package_identification:_identify(scout_mini_mpc) by extension 'ignore_ament_install'
[0.793s] Level 1:colcon.colcon_core.package_identification:_identify(scout_mini_mpc) by extensions ['colcon_pkg']
[0.793s] Level 1:colcon.colcon_core.package_identification:_identify(scout_mini_mpc) by extension 'colcon_pkg'
[0.793s] Level 1:colcon.colcon_core.package_identification:_identify(scout_mini_mpc) by extensions ['colcon_meta']
[0.793s] Level 1:colcon.colcon_core.package_identification:_identify(scout_mini_mpc) by extension 'colcon_meta'
[0.793s] Level 1:colcon.colcon_core.package_identification:_identify(scout_mini_mpc) by extensions ['ros']
[0.793s] Level 1:colcon.colcon_core.package_identification:_identify(scout_mini_mpc) by extension 'ros'
[0.793s] Level 1:colcon.colcon_core.package_identification:_identify(scout_mini_mpc) by extensions ['cmake', 'python']
[0.793s] Level 1:colcon.colcon_core.package_identification:_identify(scout_mini_mpc) by extension 'cmake'
[0.793s] Level 1:colcon.colcon_core.package_identification:_identify(scout_mini_mpc) by extension 'python'
[0.793s] Level 1:colcon.colcon_core.package_identification:_identify(scout_mini_mpc) by extensions ['python_setup_py']
[0.793s] Level 1:colcon.colcon_core.package_identification:_identify(scout_mini_mpc) by extension 'python_setup_py'
[0.793s] Level 1:colcon.colcon_core.package_identification:_identify(scout_msgs) by extensions ['ignore', 'ignore_ament_install']
[0.793s] Level 1:colcon.colcon_core.package_identification:_identify(scout_msgs) by extension 'ignore'
[0.793s] Level 1:colcon.colcon_core.package_identification:_identify(scout_msgs) by extension 'ignore_ament_install'
[0.794s] Level 1:colcon.colcon_core.package_identification:_identify(scout_msgs) by extensions ['colcon_pkg']
[0.794s] Level 1:colcon.colcon_core.package_identification:_identify(scout_msgs) by extension 'colcon_pkg'
[0.794s] Level 1:colcon.colcon_core.package_identification:_identify(scout_msgs) by extensions ['colcon_meta']
[0.794s] Level 1:colcon.colcon_core.package_identification:_identify(scout_msgs) by extension 'colcon_meta'
[0.794s] Level 1:colcon.colcon_core.package_identification:_identify(scout_msgs) by extensions ['ros']
[0.794s] Level 1:colcon.colcon_core.package_identification:_identify(scout_msgs) by extension 'ros'
[0.795s] DEBUG:colcon.colcon_core.package_identification:Package 'scout_msgs' with type 'ros.ament_cmake' and name 'scout_msgs'
[0.795s] Level 1:colcon.colcon_core.package_identification:_identify(ugv_sdk) by extensions ['ignore', 'ignore_ament_install']
[0.795s] Level 1:colcon.colcon_core.package_identification:_identify(ugv_sdk) by extension 'ignore'
[0.795s] Level 1:colcon.colcon_core.package_identification:_identify(ugv_sdk) by extension 'ignore_ament_install'
[0.795s] Level 1:colcon.colcon_core.package_identification:_identify(ugv_sdk) by extensions ['colcon_pkg']
[0.795s] Level 1:colcon.colcon_core.package_identification:_identify(ugv_sdk) by extension 'colcon_pkg'
[0.795s] Level 1:colcon.colcon_core.package_identification:_identify(ugv_sdk) by extensions ['colcon_meta']
[0.795s] Level 1:colcon.colcon_core.package_identification:_identify(ugv_sdk) by extension 'colcon_meta'
[0.795s] Level 1:colcon.colcon_core.package_identification:_identify(ugv_sdk) by extensions ['ros']
[0.795s] Level 1:colcon.colcon_core.package_identification:_identify(ugv_sdk) by extension 'ros'
[0.796s] DEBUG:colcon.colcon_core.package_identification:Package 'ugv_sdk' with type 'ros.catkin' and name 'ugv_sdk'
[0.796s] Level 1:colcon.colcon_core.package_discovery:discover_packages(recursive) using defaults
[0.796s] Level 1:colcon.colcon_core.package_discovery:discover_packages(ignore) discover
[0.796s] Level 1:colcon.colcon_core.package_discovery:discover_packages(ignore) using defaults
[0.796s] Level 1:colcon.colcon_core.package_discovery:discover_packages(path) discover
[0.796s] Level 1:colcon.colcon_core.package_discovery:discover_packages(path) using defaults
[0.797s] WARNING:colcon.colcon_core.package_selection:ignoring unknown package 'scout-navigation' in --packages-select
[0.868s] INFO:colcon.colcon_core.package_selection:Skipping not selected package 'costmap_converter_msgs' in 'costmap_converter_msgs'
[0.868s] INFO:colcon.colcon_core.package_selection:Skipping not selected package 'costmap_test' in 'costmap_test'
[0.868s] INFO:colcon.colcon_core.package_selection:Skipping not selected package 'filters' in 'filters'
[0.868s] INFO:colcon.colcon_core.package_selection:Skipping not selected package 'nav2_costmap_2d' in 'nav2_costmap_2d'
[0.868s] INFO:colcon.colcon_core.package_selection:Skipping not selected package 'nmea_navsat_driver' in 'nmea_navsat_driver'
[0.868s] INFO:colcon.colcon_core.package_selection:Skipping not selected package 'rplidar_ros2' in 'rplidar_ros'
[0.868s] INFO:colcon.colcon_core.package_selection:Skipping not selected package 'scout_cartographer' in 'scout_cartographer'
[0.868s] INFO:colcon.colcon_core.package_selection:Skipping not selected package 'scout_description' in 'scout_description'
[0.868s] INFO:colcon.colcon_core.package_selection:Skipping not selected package 'scout_gazebo_sim' in 'scout_gazebo_sim'
[0.868s] INFO:colcon.colcon_core.package_selection:Skipping not selected package 'scout_msgs' in 'scout_msgs'
[0.868s] INFO:colcon.colcon_core.package_selection:Skipping not selected package 'scout_navigation' in 'scout-navigation'
[0.868s] INFO:colcon.colcon_core.package_selection:Skipping not selected package 'ugv_sdk' in 'ugv_sdk'
[0.868s] INFO:colcon.colcon_core.package_selection:Skipping not selected package 'costmap_converter' in 'costmap_converter'
[0.868s] INFO:colcon.colcon_core.package_selection:Skipping not selected package 'laser_filters' in 'laser_filters'
[0.868s] INFO:colcon.colcon_core.package_selection:Skipping not selected package 'nav2_custom_controller' in 'nav2_custom_controller'
[0.868s] INFO:colcon.colcon_core.package_selection:Skipping not selected package 'scout_base' in 'scout_base'
[0.869s] Level 1:colcon.colcon_core.package_discovery:discover_packages(prefix_path) check parameters
[0.869s] Level 1:colcon.colcon_core.package_discovery:discover_packages(prefix_path) discover
[0.881s] DEBUG:colcon.colcon_installed_package_information.package_discovery:Found 18 installed packages in /home/mario/scout_working/install
[0.883s] DEBUG:colcon.colcon_installed_package_information.package_discovery:Found 373 installed packages in /opt/ros/humble
[0.885s] Level 1:colcon.colcon_core.package_discovery:discover_packages(prefix_path) using defaults
[0.949s] INFO:colcon.colcon_core.executor:Executing jobs using 'parallel' executor
[0.950s] DEBUG:colcon.colcon_parallel_executor.executor.parallel:run_until_complete
[0.950s] DEBUG:colcon.colcon_parallel_executor.executor.parallel:closing loop
[0.950s] DEBUG:colcon.colcon_parallel_executor.executor.parallel:loop closed
[0.951s] DEBUG:colcon.colcon_parallel_executor.executor.parallel:run_until_complete finished with '0'
[0.951s] DEBUG:colcon.colcon_core.event_reactor:joining thread
[0.957s] INFO:colcon.colcon_core.plugin_system:Skipping extension 'colcon_notification.desktop_notification.terminal_notifier': Not used on non-Darwin systems
[0.957s] INFO:colcon.colcon_core.plugin_system:Skipping extension 'colcon_notification.desktop_notification.win32': Not used on non-Windows systems
[0.957s] INFO:colcon.colcon_notification.desktop_notification:Sending desktop notification using 'notify2'
[0.980s] DEBUG:colcon.colcon_core.event_reactor:joined thread
[0.995s] INFO:colcon.colcon_core.plugin_system:Skipping extension 'colcon_core.shell.bat': Not used on non-Windows systems
[0.995s] INFO:colcon.colcon_core.shell:Creating prefix script '/home/mario/scout_working/src/install/local_setup.ps1'
[0.998s] INFO:colcon.colcon_core.shell:Creating prefix util module '/home/mario/scout_working/src/install/_local_setup_util_ps1.py'
[1.000s] INFO:colcon.colcon_core.shell:Creating prefix chain script '/home/mario/scout_working/src/install/setup.ps1'
[1.003s] INFO:colcon.colcon_core.shell:Creating prefix script '/home/mario/scout_working/src/install/local_setup.sh'
[1.004s] INFO:colcon.colcon_core.shell:Creating prefix util module '/home/mario/scout_working/src/install/_local_setup_util_sh.py'
[1.004s] INFO:colcon.colcon_core.shell:Creating prefix chain script '/home/mario/scout_working/src/install/setup.sh'
[1.007s] INFO:colcon.colcon_core.shell:Creating prefix script '/home/mario/scout_working/src/install/local_setup.bash'
[1.008s] INFO:colcon.colcon_core.shell:Creating prefix chain script '/home/mario/scout_working/src/install/setup.bash'
[1.010s] INFO:colcon.colcon_core.shell:Creating prefix script '/home/mario/scout_working/src/install/local_setup.zsh'
[1.011s] INFO:colcon.colcon_core.shell:Creating prefix chain script '/home/mario/scout_working/src/install/setup.zsh'
